#
# There is insufficient memory for the Java Runtime Environment to continue.
# Native memory allocation (malloc) failed to allocate 176576 bytes for Chunk::new
# Possible reasons:
#   The system is out of physical RAM or swap space
#   The process is running with CompressedOops enabled, and the Java Heap may be blocking the growth of the native heap
# Possible solutions:
#   Reduce memory load on the system
#   Increase physical memory or swap space
#   Check if swap backing store is full
#   Decrease Java heap size (-Xmx/-Xms)
#   Decrease number of Java threads
#   Decrease Java thread stack sizes (-Xss)
#   Set larger code cache with -XX:ReservedCodeCacheSize=
#   JVM is running with Unscaled Compressed Oops mode in which the Java heap is
#     placed in the first 4GB address space. The Java Heap base address is the
#     maximum limit for the native heap growth. Please use -XX:HeapBaseMinAddress
#     to set the Java Heap base and to place the Java Heap above 4GB virtual address.
# This output file may be truncated or incomplete.
#
#  Out of Memory Error (./open/src/hotspot/share/memory/arena.cpp:195), pid=6240, tid=596
#
# JRE version: Java(TM) SE Runtime Environment (15.0.1+9) (build 15.0.1+9-18)
# Java VM: Java HotSpot(TM) 64-Bit Server VM (15.0.1+9-18, mixed mode, sharing, tiered, compressed oops, g1 gc, windows-amd64)
# No core dump will be written. Minidumps are not enabled by default on client versions of Windows
#

---------------  S U M M A R Y ------------

Command Line: -XX:MaxMetaspaceSize=512m --add-opens=java.base/java.util=ALL-UNNAMED --add-opens=java.base/java.lang=ALL-UNNAMED --add-opens=java.base/java.lang.invoke=ALL-UNNAMED --add-opens=java.base/java.util=ALL-UNNAMED --add-opens=java.prefs/java.util.prefs=ALL-UNNAMED --add-opens=java.prefs/java.util.prefs=ALL-UNNAMED --add-opens=java.base/java.nio.charset=ALL-UNNAMED --add-opens=java.base/java.net=ALL-UNNAMED --add-opens=java.base/java.util.concurrent.atomic=ALL-UNNAMED -Xmx2048m -Dfile.encoding=utf8 -Duser.country=US -Duser.language=en -Duser.variant org.gradle.launcher.daemon.bootstrap.GradleDaemon 7.5.1

Host: Intel(R) Core(TM) i5-9300H CPU @ 2.40GHz, 8 cores, 7G,  Windows 10 , 64 bit Build 19041 (10.0.19041.2364)
Time: Fri Dec  1 09:06:41 2023 SE Asia Standard Time elapsed time: 1.862027 seconds (0d 0h 0m 1s)

---------------  T H R E A D  ---------------

Current thread (0x000001d9574c41c0):  JavaThread "C2 CompilerThread0" daemon [_thread_in_native, id=596, stack(0x00000023f4400000,0x00000023f4500000)]


Current CompileTask:
C2:   1862 1923       4       sun.nio.fs.WindowsPathParser::normalize (233 bytes)

Stack: [0x00000023f4400000,0x00000023f4500000]
Native frames: (J=compiled Java code, j=interpreted, Vv=VM code, C=native code)
V  [jvm.dll+0x62ae9a]
V  [jvm.dll+0x781389]
V  [jvm.dll+0x782ae3]
V  [jvm.dll+0x783143]
V  [jvm.dll+0x216265]
V  [jvm.dll+0x97efa]
V  [jvm.dll+0x985dc]
V  [jvm.dll+0x27a1bf]
V  [jvm.dll+0x5408d4]
V  [jvm.dll+0x1f3064]
V  [jvm.dll+0x1eca31]
V  [jvm.dll+0x1e97a7]
V  [jvm.dll+0x1784c7]
V  [jvm.dll+0x1f9165]
V  [jvm.dll+0x1f720c]
V  [jvm.dll+0x74485d]
V  [jvm.dll+0x73d65a]
V  [jvm.dll+0x629c56]
C  [ucrtbase.dll+0x21bb2]
C  [KERNEL32.DLL+0x17614]
C  [ntdll.dll+0x526a1]


---------------  P R O C E S S  ---------------

Threads class SMR info:
_java_thread_list=0x000001d959b47850, length=23, elements={
0x000001d936995da0, 0x000001d9574a3210, 0x000001d9574a3cf0, 0x000001d9574bf230,
0x000001d9574bfbf0, 0x000001d9574c05b0, 0x000001d9574c41c0, 0x000001d9574ca080,
0x000001d9574d2990, 0x000001d957f10890, 0x000001d957f81800, 0x000001d958b5a3a0,
0x000001d95954f710, 0x000001d9591396a0, 0x000001d9597312c0, 0x000001d9599ee040,
0x000001d959b37300, 0x000001d959cab960, 0x000001d959ac3400, 0x000001d959ac38d0,
0x000001d959ac3da0, 0x000001d959ac55b0, 0x000001d959ac5f50
}

Java Threads: ( => current thread )
  0x000001d936995da0 JavaThread "main" [_thread_blocked, id=2896, stack(0x00000023f3800000,0x00000023f3900000)]
  0x000001d9574a3210 JavaThread "Reference Handler" daemon [_thread_blocked, id=9440, stack(0x00000023f3f00000,0x00000023f4000000)]
  0x000001d9574a3cf0 JavaThread "Finalizer" daemon [_thread_blocked, id=12988, stack(0x00000023f4000000,0x00000023f4100000)]
  0x000001d9574bf230 JavaThread "Signal Dispatcher" daemon [_thread_blocked, id=6296, stack(0x00000023f4100000,0x00000023f4200000)]
  0x000001d9574bfbf0 JavaThread "Attach Listener" daemon [_thread_blocked, id=12700, stack(0x00000023f4200000,0x00000023f4300000)]
  0x000001d9574c05b0 JavaThread "Service Thread" daemon [_thread_blocked, id=17868, stack(0x00000023f4300000,0x00000023f4400000)]
=>0x000001d9574c41c0 JavaThread "C2 CompilerThread0" daemon [_thread_in_native, id=596, stack(0x00000023f4400000,0x00000023f4500000)]
  0x000001d9574ca080 JavaThread "C1 CompilerThread0" daemon [_thread_blocked, id=5164, stack(0x00000023f4500000,0x00000023f4600000)]
  0x000001d9574d2990 JavaThread "Sweeper thread" daemon [_thread_blocked, id=16592, stack(0x00000023f4600000,0x00000023f4700000)]
  0x000001d957f10890 JavaThread "Common-Cleaner" daemon [_thread_blocked, id=14136, stack(0x00000023f4700000,0x00000023f4800000)]
  0x000001d957f81800 JavaThread "Notification Thread" daemon [_thread_blocked, id=6628, stack(0x00000023f4800000,0x00000023f4900000)]
  0x000001d958b5a3a0 JavaThread "Daemon health stats" [_thread_blocked, id=18076, stack(0x00000023f4c00000,0x00000023f4d00000)]
  0x000001d95954f710 JavaThread "Incoming local TCP Connector on port 52572" [_thread_in_native, id=15304, stack(0x00000023f4d00000,0x00000023f4e00000)]
  0x000001d9591396a0 JavaThread "Daemon periodic checks" [_thread_blocked, id=15664, stack(0x00000023f4e00000,0x00000023f4f00000)]
  0x000001d9597312c0 JavaThread "Daemon" [_thread_blocked, id=2760, stack(0x00000023f4f00000,0x00000023f5000000)]
  0x000001d9599ee040 JavaThread "Handler for socket connection from /127.0.0.1:52572 to /127.0.0.1:52573" [_thread_in_native, id=10332, stack(0x00000023f5000000,0x00000023f5100000)]
  0x000001d959b37300 JavaThread "Cancel handler" [_thread_blocked, id=6684, stack(0x00000023f5100000,0x00000023f5200000)]
  0x000001d959cab960 JavaThread "Daemon worker" [_thread_in_Java, id=14468, stack(0x00000023f5200000,0x00000023f5300000)]
  0x000001d959ac3400 JavaThread "Asynchronous log dispatcher for DefaultDaemonConnection: socket connection from /127.0.0.1:52572 to /127.0.0.1:52573" [_thread_blocked, id=12264, stack(0x00000023f5300000,0x00000023f5400000)]
  0x000001d959ac38d0 JavaThread "Stdin handler" [_thread_blocked, id=14712, stack(0x00000023f5400000,0x00000023f5500000)]
  0x000001d959ac3da0 JavaThread "Daemon client event forwarder" [_thread_blocked, id=6336, stack(0x00000023f5500000,0x00000023f5600000)]
  0x000001d959ac55b0 JavaThread "Cache worker for journal cache (C:\Users\ACER\.gradle\caches\journal-1)" [_thread_blocked, id=3800, stack(0x00000023f5600000,0x00000023f5700000)]
  0x000001d959ac5f50 JavaThread "File lock request listener" [_thread_in_native, id=9804, stack(0x00000023f5700000,0x00000023f5800000)]

Other Threads:
  0x000001d9574a1a80 VMThread "VM Thread" [stack: 0x00000023f3e00000,0x00000023f3f00000] [id=17496]
  0x000001d957f81d90 WatcherThread [stack: 0x00000023f4900000,0x00000023f4a00000] [id=18264]
  0x000001d9369d4310 GCTaskThread "GC Thread#0" [stack: 0x00000023f3900000,0x00000023f3a00000] [id=11748]
  0x000001d958233f70 GCTaskThread "GC Thread#1" [stack: 0x00000023f4a00000,0x00000023f4b00000] [id=17628]
  0x000001d958236c10 GCTaskThread "GC Thread#2" [stack: 0x00000023f4b00000,0x00000023f4c00000] [id=13240]
  0x000001d9369e5230 ConcurrentGCThread "G1 Main Marker" [stack: 0x00000023f3a00000,0x00000023f3b00000] [id=11064]
  0x000001d9369e6290 ConcurrentGCThread "G1 Conc#0" [stack: 0x00000023f3b00000,0x00000023f3c00000] [id=2032]
  0x000001d957340090 ConcurrentGCThread "G1 Refine#0" [stack: 0x00000023f3c00000,0x00000023f3d00000] [id=1800]
  0x000001d9573407e0 ConcurrentGCThread "G1 Young RemSet Sampling" [stack: 0x00000023f3d00000,0x00000023f3e00000] [id=6116]

Threads with active compile tasks:
C2 CompilerThread0     1882 1923       4       sun.nio.fs.WindowsPathParser::normalize (233 bytes)

VM state: not at safepoint (normal execution)

VM Mutex/Monitor currently owned by a thread: None

Heap address: 0x0000000080000000, size: 2048 MB, Compressed Oops mode: 32-bit
CDS archive(s) mapped at: [0x0000000800000000-0x0000000800b50000-0x0000000800b50000), size 11862016, SharedBaseAddress: 0x0000000800000000, ArchiveRelocationMode: 0.
Compressed class space mapped at: 0x0000000800b50000-0x0000000820350000, size: 528482304
Narrow klass base: 0x0000000800000000, Narrow klass shift: 3, Narrow klass range: 0x100000000

GC Precious Log:
 CPUs: 8 total, 8 available
 Memory: 8034M
 Large Page Support: Disabled
 NUMA Support: Disabled
 Compressed Oops: Enabled (32-bit)
 Heap Region Size: 1M
 Heap Min Capacity: 8M
 Heap Initial Capacity: 126M
 Heap Max Capacity: 2G
 Pre-touch: Disabled
 Parallel Workers: 8
 Concurrent Workers: 2
 Concurrent Refinement Workers: 8
 Periodic GC: Disabled

Heap:
 garbage-first heap   total 129024K, used 61301K [0x0000000080000000, 0x0000000100000000)
  region size 1024K, 51 young (52224K), 1 survivors (1024K)
 Metaspace       used 12181K, capacity 12475K, committed 12544K, reserved 528384K
  class space    used 1661K, capacity 1764K, committed 1792K, reserved 516096K

Heap Regions: E=young(eden), S=young(survivor), O=old, HS=humongous(starts), HC=humongous(continues), CS=collection set, F=free, OA=open archive, CA=closed archive, TAMS=top-at-mark-start (previous, next)
|   0|0x0000000080000000, 0x0000000080100000, 0x0000000080100000|100%| O|  |TAMS 0x0000000080000000, 0x0000000080000000| Untracked 
|   1|0x0000000080100000, 0x0000000080200000, 0x0000000080200000|100%| O|  |TAMS 0x0000000080100000, 0x0000000080100000| Untracked 
|   2|0x0000000080200000, 0x0000000080210c00, 0x0000000080300000|  6%| O|  |TAMS 0x0000000080200000, 0x0000000080200000| Untracked 
|   3|0x0000000080300000, 0x0000000080400000, 0x0000000080400000|100%|HS|  |TAMS 0x0000000080300000, 0x0000000080300000| Complete 
|   4|0x0000000080400000, 0x0000000080500000, 0x0000000080500000|100%|HC|  |TAMS 0x0000000080400000, 0x0000000080400000| Complete 
|   5|0x0000000080500000, 0x0000000080600000, 0x0000000080600000|100%|HC|  |TAMS 0x0000000080500000, 0x0000000080500000| Complete 
|   6|0x0000000080600000, 0x0000000080700000, 0x0000000080700000|100%| O|  |TAMS 0x0000000080600000, 0x0000000080600000| Untracked 
|   7|0x0000000080700000, 0x0000000080800000, 0x0000000080800000|100%| O|  |TAMS 0x0000000080700000, 0x0000000080700000| Untracked 
|   8|0x0000000080800000, 0x0000000080900000, 0x0000000080900000|100%| O|  |TAMS 0x0000000080800000, 0x0000000080800000| Untracked 
|   9|0x0000000080900000, 0x0000000080a00000, 0x0000000080a00000|100%| O|  |TAMS 0x0000000080900000, 0x0000000080900000| Untracked 
|  10|0x0000000080a00000, 0x0000000080b00000, 0x0000000080b00000|100%|HS|  |TAMS 0x0000000080a00000, 0x0000000080a00000| Complete 
|  11|0x0000000080b00000, 0x0000000080b00000, 0x0000000080c00000|  0%| F|  |TAMS 0x0000000080b00000, 0x0000000080b00000| Untracked 
|  12|0x0000000080c00000, 0x0000000080c00000, 0x0000000080d00000|  0%| F|  |TAMS 0x0000000080c00000, 0x0000000080c00000| Untracked 
|  13|0x0000000080d00000, 0x0000000080d00000, 0x0000000080e00000|  0%| F|  |TAMS 0x0000000080d00000, 0x0000000080d00000| Untracked 
|  14|0x0000000080e00000, 0x0000000080e00000, 0x0000000080f00000|  0%| F|  |TAMS 0x0000000080e00000, 0x0000000080e00000| Untracked 
|  15|0x0000000080f00000, 0x0000000080f00000, 0x0000000081000000|  0%| F|  |TAMS 0x0000000080f00000, 0x0000000080f00000| Untracked 
|  16|0x0000000081000000, 0x0000000081000000, 0x0000000081100000|  0%| F|  |TAMS 0x0000000081000000, 0x0000000081000000| Untracked 
|  17|0x0000000081100000, 0x0000000081100000, 0x0000000081200000|  0%| F|  |TAMS 0x0000000081100000, 0x0000000081100000| Untracked 
|  18|0x0000000081200000, 0x0000000081200000, 0x0000000081300000|  0%| F|  |TAMS 0x0000000081200000, 0x0000000081200000| Untracked 
|  19|0x0000000081300000, 0x0000000081300000, 0x0000000081400000|  0%| F|  |TAMS 0x0000000081300000, 0x0000000081300000| Untracked 
|  20|0x0000000081400000, 0x0000000081400000, 0x0000000081500000|  0%| F|  |TAMS 0x0000000081400000, 0x0000000081400000| Untracked 
|  21|0x0000000081500000, 0x0000000081500000, 0x0000000081600000|  0%| F|  |TAMS 0x0000000081500000, 0x0000000081500000| Untracked 
|  22|0x0000000081600000, 0x0000000081600000, 0x0000000081700000|  0%| F|  |TAMS 0x0000000081600000, 0x0000000081600000| Untracked 
|  23|0x0000000081700000, 0x0000000081700000, 0x0000000081800000|  0%| F|  |TAMS 0x0000000081700000, 0x0000000081700000| Untracked 
|  24|0x0000000081800000, 0x0000000081800000, 0x0000000081900000|  0%| F|  |TAMS 0x0000000081800000, 0x0000000081800000| Untracked 
|  25|0x0000000081900000, 0x0000000081900000, 0x0000000081a00000|  0%| F|  |TAMS 0x0000000081900000, 0x0000000081900000| Untracked 
|  26|0x0000000081a00000, 0x0000000081a00000, 0x0000000081b00000|  0%| F|  |TAMS 0x0000000081a00000, 0x0000000081a00000| Untracked 
|  27|0x0000000081b00000, 0x0000000081b00000, 0x0000000081c00000|  0%| F|  |TAMS 0x0000000081b00000, 0x0000000081b00000| Untracked 
|  28|0x0000000081c00000, 0x0000000081c00000, 0x0000000081d00000|  0%| F|  |TAMS 0x0000000081c00000, 0x0000000081c00000| Untracked 
|  29|0x0000000081d00000, 0x0000000081d00000, 0x0000000081e00000|  0%| F|  |TAMS 0x0000000081d00000, 0x0000000081d00000| Untracked 
|  30|0x0000000081e00000, 0x0000000081e00000, 0x0000000081f00000|  0%| F|  |TAMS 0x0000000081e00000, 0x0000000081e00000| Untracked 
|  31|0x0000000081f00000, 0x0000000081f00000, 0x0000000082000000|  0%| F|  |TAMS 0x0000000081f00000, 0x0000000081f00000| Untracked 
|  32|0x0000000082000000, 0x0000000082000000, 0x0000000082100000|  0%| F|  |TAMS 0x0000000082000000, 0x0000000082000000| Untracked 
|  33|0x0000000082100000, 0x0000000082100000, 0x0000000082200000|  0%| F|  |TAMS 0x0000000082100000, 0x0000000082100000| Untracked 
|  34|0x0000000082200000, 0x0000000082200000, 0x0000000082300000|  0%| F|  |TAMS 0x0000000082200000, 0x0000000082200000| Untracked 
|  35|0x0000000082300000, 0x0000000082300000, 0x0000000082400000|  0%| F|  |TAMS 0x0000000082300000, 0x0000000082300000| Untracked 
|  36|0x0000000082400000, 0x0000000082400000, 0x0000000082500000|  0%| F|  |TAMS 0x0000000082400000, 0x0000000082400000| Untracked 
|  37|0x0000000082500000, 0x0000000082500000, 0x0000000082600000|  0%| F|  |TAMS 0x0000000082500000, 0x0000000082500000| Untracked 
|  38|0x0000000082600000, 0x0000000082600000, 0x0000000082700000|  0%| F|  |TAMS 0x0000000082600000, 0x0000000082600000| Untracked 
|  39|0x0000000082700000, 0x0000000082700000, 0x0000000082800000|  0%| F|  |TAMS 0x0000000082700000, 0x0000000082700000| Untracked 
|  40|0x0000000082800000, 0x0000000082800000, 0x0000000082900000|  0%| F|  |TAMS 0x0000000082800000, 0x0000000082800000| Untracked 
|  41|0x0000000082900000, 0x0000000082900000, 0x0000000082a00000|  0%| F|  |TAMS 0x0000000082900000, 0x0000000082900000| Untracked 
|  42|0x0000000082a00000, 0x0000000082a00000, 0x0000000082b00000|  0%| F|  |TAMS 0x0000000082a00000, 0x0000000082a00000| Untracked 
|  43|0x0000000082b00000, 0x0000000082b00000, 0x0000000082c00000|  0%| F|  |TAMS 0x0000000082b00000, 0x0000000082b00000| Untracked 
|  44|0x0000000082c00000, 0x0000000082c00000, 0x0000000082d00000|  0%| F|  |TAMS 0x0000000082c00000, 0x0000000082c00000| Untracked 
|  45|0x0000000082d00000, 0x0000000082d00000, 0x0000000082e00000|  0%| F|  |TAMS 0x0000000082d00000, 0x0000000082d00000| Untracked 
|  46|0x0000000082e00000, 0x0000000082e00000, 0x0000000082f00000|  0%| F|  |TAMS 0x0000000082e00000, 0x0000000082e00000| Untracked 
|  47|0x0000000082f00000, 0x0000000082f00000, 0x0000000083000000|  0%| F|  |TAMS 0x0000000082f00000, 0x0000000082f00000| Untracked 
|  48|0x0000000083000000, 0x0000000083000000, 0x0000000083100000|  0%| F|  |TAMS 0x0000000083000000, 0x0000000083000000| Untracked 
|  49|0x0000000083100000, 0x0000000083100000, 0x0000000083200000|  0%| F|  |TAMS 0x0000000083100000, 0x0000000083100000| Untracked 
|  50|0x0000000083200000, 0x0000000083200000, 0x0000000083300000|  0%| F|  |TAMS 0x0000000083200000, 0x0000000083200000| Untracked 
|  51|0x0000000083300000, 0x0000000083300000, 0x0000000083400000|  0%| F|  |TAMS 0x0000000083300000, 0x0000000083300000| Untracked 
|  52|0x0000000083400000, 0x0000000083400000, 0x0000000083500000|  0%| F|  |TAMS 0x0000000083400000, 0x0000000083400000| Untracked 
|  53|0x0000000083500000, 0x0000000083500000, 0x0000000083600000|  0%| F|  |TAMS 0x0000000083500000, 0x0000000083500000| Untracked 
|  54|0x0000000083600000, 0x0000000083600000, 0x0000000083700000|  0%| F|  |TAMS 0x0000000083600000, 0x0000000083600000| Untracked 
|  55|0x0000000083700000, 0x0000000083700000, 0x0000000083800000|  0%| F|  |TAMS 0x0000000083700000, 0x0000000083700000| Untracked 
|  56|0x0000000083800000, 0x0000000083800000, 0x0000000083900000|  0%| F|  |TAMS 0x0000000083800000, 0x0000000083800000| Untracked 
|  57|0x0000000083900000, 0x0000000083900000, 0x0000000083a00000|  0%| F|  |TAMS 0x0000000083900000, 0x0000000083900000| Untracked 
|  58|0x0000000083a00000, 0x0000000083a00000, 0x0000000083b00000|  0%| F|  |TAMS 0x0000000083a00000, 0x0000000083a00000| Untracked 
|  59|0x0000000083b00000, 0x0000000083b00000, 0x0000000083c00000|  0%| F|  |TAMS 0x0000000083b00000, 0x0000000083b00000| Untracked 
|  60|0x0000000083c00000, 0x0000000083c00000, 0x0000000083d00000|  0%| F|  |TAMS 0x0000000083c00000, 0x0000000083c00000| Untracked 
|  61|0x0000000083d00000, 0x0000000083d00000, 0x0000000083e00000|  0%| F|  |TAMS 0x0000000083d00000, 0x0000000083d00000| Untracked 
|  62|0x0000000083e00000, 0x0000000083e00000, 0x0000000083f00000|  0%| F|  |TAMS 0x0000000083e00000, 0x0000000083e00000| Untracked 
|  63|0x0000000083f00000, 0x0000000083f00000, 0x0000000084000000|  0%| F|  |TAMS 0x0000000083f00000, 0x0000000083f00000| Untracked 
|  64|0x0000000084000000, 0x0000000084000000, 0x0000000084100000|  0%| F|  |TAMS 0x0000000084000000, 0x0000000084000000| Untracked 
|  65|0x0000000084100000, 0x0000000084100000, 0x0000000084200000|  0%| F|  |TAMS 0x0000000084100000, 0x0000000084100000| Untracked 
|  66|0x0000000084200000, 0x0000000084200000, 0x0000000084300000|  0%| F|  |TAMS 0x0000000084200000, 0x0000000084200000| Untracked 
|  67|0x0000000084300000, 0x0000000084300000, 0x0000000084400000|  0%| F|  |TAMS 0x0000000084300000, 0x0000000084300000| Untracked 
|  68|0x0000000084400000, 0x0000000084400000, 0x0000000084500000|  0%| F|  |TAMS 0x0000000084400000, 0x0000000084400000| Untracked 
|  69|0x0000000084500000, 0x0000000084500000, 0x0000000084600000|  0%| F|  |TAMS 0x0000000084500000, 0x0000000084500000| Untracked 
|  70|0x0000000084600000, 0x0000000084600000, 0x0000000084700000|  0%| F|  |TAMS 0x0000000084600000, 0x0000000084600000| Untracked 
|  71|0x0000000084700000, 0x0000000084700000, 0x0000000084800000|  0%| F|  |TAMS 0x0000000084700000, 0x0000000084700000| Untracked 
|  72|0x0000000084800000, 0x0000000084800000, 0x0000000084900000|  0%| F|  |TAMS 0x0000000084800000, 0x0000000084800000| Untracked 
|  73|0x0000000084900000, 0x0000000084900000, 0x0000000084a00000|  0%| F|  |TAMS 0x0000000084900000, 0x0000000084900000| Untracked 
|  74|0x0000000084a00000, 0x0000000084a00000, 0x0000000084b00000|  0%| F|  |TAMS 0x0000000084a00000, 0x0000000084a00000| Untracked 
|  75|0x0000000084b00000, 0x0000000084c00000, 0x0000000084c00000|100%| E|  |TAMS 0x0000000084b00000, 0x0000000084b00000| Complete 
|  76|0x0000000084c00000, 0x0000000084d00000, 0x0000000084d00000|100%| E|CS|TAMS 0x0000000084c00000, 0x0000000084c00000| Complete 
|  77|0x0000000084d00000, 0x0000000084e00000, 0x0000000084e00000|100%| E|CS|TAMS 0x0000000084d00000, 0x0000000084d00000| Complete 
|  78|0x0000000084e00000, 0x0000000084f00000, 0x0000000084f00000|100%| E|CS|TAMS 0x0000000084e00000, 0x0000000084e00000| Complete 
|  79|0x0000000084f00000, 0x0000000085000000, 0x0000000085000000|100%| E|CS|TAMS 0x0000000084f00000, 0x0000000084f00000| Complete 
|  80|0x0000000085000000, 0x0000000085100000, 0x0000000085100000|100%| E|CS|TAMS 0x0000000085000000, 0x0000000085000000| Complete 
|  81|0x0000000085100000, 0x0000000085200000, 0x0000000085200000|100%| E|CS|TAMS 0x0000000085100000, 0x0000000085100000| Complete 
|  82|0x0000000085200000, 0x0000000085300000, 0x0000000085300000|100%| E|CS|TAMS 0x0000000085200000, 0x0000000085200000| Complete 
|  83|0x0000000085300000, 0x0000000085400000, 0x0000000085400000|100%| E|CS|TAMS 0x0000000085300000, 0x0000000085300000| Complete 
|  84|0x0000000085400000, 0x0000000085500000, 0x0000000085500000|100%| E|CS|TAMS 0x0000000085400000, 0x0000000085400000| Complete 
|  85|0x0000000085500000, 0x0000000085600000, 0x0000000085600000|100%| E|CS|TAMS 0x0000000085500000, 0x0000000085500000| Complete 
|  86|0x0000000085600000, 0x0000000085700000, 0x0000000085700000|100%| E|CS|TAMS 0x0000000085600000, 0x0000000085600000| Complete 
|  87|0x0000000085700000, 0x0000000085800000, 0x0000000085800000|100%| E|CS|TAMS 0x0000000085700000, 0x0000000085700000| Complete 
|  88|0x0000000085800000, 0x0000000085900000, 0x0000000085900000|100%| E|CS|TAMS 0x0000000085800000, 0x0000000085800000| Complete 
|  89|0x0000000085900000, 0x0000000085a00000, 0x0000000085a00000|100%| E|CS|TAMS 0x0000000085900000, 0x0000000085900000| Complete 
|  90|0x0000000085a00000, 0x0000000085b00000, 0x0000000085b00000|100%| E|CS|TAMS 0x0000000085a00000, 0x0000000085a00000| Complete 
|  91|0x0000000085b00000, 0x0000000085c00000, 0x0000000085c00000|100%| E|CS|TAMS 0x0000000085b00000, 0x0000000085b00000| Complete 
|  92|0x0000000085c00000, 0x0000000085d00000, 0x0000000085d00000|100%| E|CS|TAMS 0x0000000085c00000, 0x0000000085c00000| Complete 
|  93|0x0000000085d00000, 0x0000000085e00000, 0x0000000085e00000|100%| E|CS|TAMS 0x0000000085d00000, 0x0000000085d00000| Complete 
|  94|0x0000000085e00000, 0x0000000085f00000, 0x0000000085f00000|100%| E|CS|TAMS 0x0000000085e00000, 0x0000000085e00000| Complete 
|  95|0x0000000085f00000, 0x0000000086000000, 0x0000000086000000|100%| E|CS|TAMS 0x0000000085f00000, 0x0000000085f00000| Complete 
|  96|0x0000000086000000, 0x00000000860cc9a0, 0x0000000086100000| 79%| S|CS|TAMS 0x0000000086000000, 0x0000000086000000| Complete 
|  97|0x0000000086100000, 0x0000000086200000, 0x0000000086200000|100%| E|CS|TAMS 0x0000000086100000, 0x0000000086100000| Complete 
|  98|0x0000000086200000, 0x0000000086300000, 0x0000000086300000|100%| E|CS|TAMS 0x0000000086200000, 0x0000000086200000| Complete 
|  99|0x0000000086300000, 0x0000000086400000, 0x0000000086400000|100%| E|CS|TAMS 0x0000000086300000, 0x0000000086300000| Complete 
| 100|0x0000000086400000, 0x0000000086500000, 0x0000000086500000|100%| E|CS|TAMS 0x0000000086400000, 0x0000000086400000| Complete 
| 101|0x0000000086500000, 0x0000000086600000, 0x0000000086600000|100%| E|CS|TAMS 0x0000000086500000, 0x0000000086500000| Complete 
| 102|0x0000000086600000, 0x0000000086700000, 0x0000000086700000|100%| E|CS|TAMS 0x0000000086600000, 0x0000000086600000| Complete 
| 103|0x0000000086700000, 0x0000000086800000, 0x0000000086800000|100%| E|CS|TAMS 0x0000000086700000, 0x0000000086700000| Complete 
| 104|0x0000000086800000, 0x0000000086900000, 0x0000000086900000|100%| E|CS|TAMS 0x0000000086800000, 0x0000000086800000| Complete 
| 105|0x0000000086900000, 0x0000000086a00000, 0x0000000086a00000|100%| E|CS|TAMS 0x0000000086900000, 0x0000000086900000| Complete 
| 106|0x0000000086a00000, 0x0000000086b00000, 0x0000000086b00000|100%| E|CS|TAMS 0x0000000086a00000, 0x0000000086a00000| Complete 
| 107|0x0000000086b00000, 0x0000000086c00000, 0x0000000086c00000|100%| E|CS|TAMS 0x0000000086b00000, 0x0000000086b00000| Complete 
| 108|0x0000000086c00000, 0x0000000086d00000, 0x0000000086d00000|100%| E|CS|TAMS 0x0000000086c00000, 0x0000000086c00000| Complete 
| 109|0x0000000086d00000, 0x0000000086e00000, 0x0000000086e00000|100%| E|CS|TAMS 0x0000000086d00000, 0x0000000086d00000| Complete 
| 110|0x0000000086e00000, 0x0000000086f00000, 0x0000000086f00000|100%| E|CS|TAMS 0x0000000086e00000, 0x0000000086e00000| Complete 
| 111|0x0000000086f00000, 0x0000000087000000, 0x0000000087000000|100%| E|CS|TAMS 0x0000000086f00000, 0x0000000086f00000| Complete 
| 112|0x0000000087000000, 0x0000000087100000, 0x0000000087100000|100%| E|CS|TAMS 0x0000000087000000, 0x0000000087000000| Complete 
| 113|0x0000000087100000, 0x0000000087200000, 0x0000000087200000|100%| E|CS|TAMS 0x0000000087100000, 0x0000000087100000| Complete 
| 114|0x0000000087200000, 0x0000000087300000, 0x0000000087300000|100%| E|CS|TAMS 0x0000000087200000, 0x0000000087200000| Complete 
| 115|0x0000000087300000, 0x0000000087400000, 0x0000000087400000|100%| E|CS|TAMS 0x0000000087300000, 0x0000000087300000| Complete 
| 116|0x0000000087400000, 0x0000000087500000, 0x0000000087500000|100%| E|CS|TAMS 0x0000000087400000, 0x0000000087400000| Complete 
| 117|0x0000000087500000, 0x0000000087600000, 0x0000000087600000|100%| E|CS|TAMS 0x0000000087500000, 0x0000000087500000| Complete 
| 118|0x0000000087600000, 0x0000000087700000, 0x0000000087700000|100%| E|CS|TAMS 0x0000000087600000, 0x0000000087600000| Complete 
| 119|0x0000000087700000, 0x0000000087800000, 0x0000000087800000|100%| E|CS|TAMS 0x0000000087700000, 0x0000000087700000| Complete 
| 120|0x0000000087800000, 0x0000000087900000, 0x0000000087900000|100%| E|CS|TAMS 0x0000000087800000, 0x0000000087800000| Complete 
| 121|0x0000000087900000, 0x0000000087a00000, 0x0000000087a00000|100%| E|CS|TAMS 0x0000000087900000, 0x0000000087900000| Complete 
| 122|0x0000000087a00000, 0x0000000087b00000, 0x0000000087b00000|100%| E|CS|TAMS 0x0000000087a00000, 0x0000000087a00000| Complete 
| 123|0x0000000087b00000, 0x0000000087c00000, 0x0000000087c00000|100%| E|CS|TAMS 0x0000000087b00000, 0x0000000087b00000| Complete 
| 124|0x0000000087c00000, 0x0000000087d00000, 0x0000000087d00000|100%| E|CS|TAMS 0x0000000087c00000, 0x0000000087c00000| Complete 
| 125|0x0000000087d00000, 0x0000000087e00000, 0x0000000087e00000|100%| E|CS|TAMS 0x0000000087d00000, 0x0000000087d00000| Complete 

Card table byte_map: [0x000001d950220000,0x000001d950620000] _byte_map_base: 0x000001d94fe20000

Marking Bits (Prev, Next): (CMBitMap*) 0x000001d9369d47d0, (CMBitMap*) 0x000001d9369d4810
 Prev Bits: [0x000001d950a20000, 0x000001d952a20000)
 Next Bits: [0x000001d952a20000, 0x000001d954a20000)

Polling page: 0x000001d936a70000

Metaspace:

Usage:
  Non-class:     10.52 MB capacity,    10.31 MB ( 98%) used,   199.29 KB (  2%) free+waste,    16.06 KB ( <1%) overhead. 
      Class:      1.75 MB capacity,     1.63 MB ( 93%) used,   115.80 KB (  6%) free+waste,     7.81 KB ( <1%) overhead. 
       Both:     12.28 MB capacity,    11.95 MB ( 97%) used,   315.09 KB (  3%) free+waste,    23.88 KB ( <1%) overhead. 

Virtual space:
  Non-class space:       12.00 MB reserved,      10.75 MB ( 90%) committed 
      Class space:      504.00 MB reserved,       1.88 MB ( <1%) committed 
             Both:      516.00 MB reserved,      12.62 MB (  2%) committed 

Chunk freelists:
   Non-Class:  41.00 KB
       Class:  28.00 KB
        Both:  69.00 KB

MaxMetaspaceSize: 512.00 MB
CompressedClassSpaceSize: 504.00 MB

CodeHeap 'non-profiled nmethods': size=120000Kb used=865Kb max_used=865Kb free=119134Kb
 bounds [0x000001d947e70000, 0x000001d9480e0000, 0x000001d94f3a0000]
CodeHeap 'profiled nmethods': size=120000Kb used=3806Kb max_used=3806Kb free=116193Kb
 bounds [0x000001d940940000, 0x000001d940d00000, 0x000001d947e70000]
CodeHeap 'non-nmethods': size=5760Kb used=1208Kb max_used=1234Kb free=4551Kb
 bounds [0x000001d9403a0000, 0x000001d940610000, 0x000001d940940000]
 total_blobs=2396 nmethods=1918 adapters=391
 compilation: enabled
              stopped_count=0, restarted_count=0
 full_count=0

Compilation events (20 events):
Event: 1.825 Thread 0x000001d9574c41c0 nmethod 1913 0x000001d947f47390 code [0x000001d947f47520, 0x000001d947f475e8]
Event: 1.831 Thread 0x000001d9574c41c0 1914       4       java.util.jar.JarFile::maybeInstantiateVerifier (42 bytes)
Event: 1.832 Thread 0x000001d9574c41c0 nmethod 1914 0x000001d947f47710 code [0x000001d947f478a0, 0x000001d947f47968]
Event: 1.835 Thread 0x000001d9574ca080 1915       3       java.util.ArrayList::add (25 bytes)
Event: 1.835 Thread 0x000001d9574ca080 nmethod 1915 0x000001d940cf1f10 code [0x000001d940cf20e0, 0x000001d940cf2508]
Event: 1.835 Thread 0x000001d9574ca080 1916       3       org.gradle.internal.file.FilePathUtil::sizeOfCommonPrefix (142 bytes)
Event: 1.837 Thread 0x000001d9574ca080 nmethod 1916 0x000001d940cf2710 code [0x000001d940cf2b40, 0x000001d940cf4d18]
Event: 1.837 Thread 0x000001d9574ca080 1918       3       org.gradle.internal.file.FileHierarchySet$Node::sizeOfCommonPrefix (10 bytes)
Event: 1.837 Thread 0x000001d9574ca080 nmethod 1918 0x000001d940cf5a90 code [0x000001d940cf5c40, 0x000001d940cf5dc8]
Event: 1.837 Thread 0x000001d9574ca080 1919       3       org.gradle.internal.file.FilePathUtil::sizeOfCommonPrefix (10 bytes)
Event: 1.837 Thread 0x000001d9574ca080 nmethod 1919 0x000001d940cf5e90 code [0x000001d940cf6020, 0x000001d940cf6128]
Event: 1.837 Thread 0x000001d9574ca080 1917       3       com.google.common.collect.AbstractIndexedListIterator::next (31 bytes)
Event: 1.838 Thread 0x000001d9574ca080 nmethod 1917 0x000001d940cf6210 code [0x000001d940cf63e0, 0x000001d940cf6778]
Event: 1.838 Thread 0x000001d9574c41c0 1920 %     4       java.util.Arrays::fill @ 5 (21 bytes)
Event: 1.840 Thread 0x000001d9574c41c0 nmethod 1920% 0x000001d947f47a90 code [0x000001d947f47c20, 0x000001d947f47e18]
Event: 1.848 Thread 0x000001d9574c41c0 1921       4       java.lang.ThreadLocal::getMap (5 bytes)
Event: 1.848 Thread 0x000001d9574ca080 1922       3       java.lang.ThreadLocal::get (38 bytes)
Event: 1.848 Thread 0x000001d9574ca080 nmethod 1922 0x000001d940cf6890 code [0x000001d940cf6a60, 0x000001d940cf6d48]
Event: 1.848 Thread 0x000001d9574c41c0 nmethod 1921 0x000001d947f47f10 code [0x000001d947f48080, 0x000001d947f480f8]
Event: 1.848 Thread 0x000001d9574c41c0 1923       4       sun.nio.fs.WindowsPathParser::normalize (233 bytes)

GC Heap History (4 events):
Event: 0.569 GC heap before
{Heap before GC invocations=0 (full 0):
 garbage-first heap   total 129024K, used 28672K [0x0000000080000000, 0x0000000100000000)
  region size 1024K, 23 young (23552K), 0 survivors (0K)
 Metaspace       used 3301K, capacity 6150K, committed 6400K, reserved 524288K
  class space    used 412K, capacity 706K, committed 768K, reserved 516096K
}
Event: 0.574 GC heap after
{Heap after GC invocations=1 (full 0):
 garbage-first heap   total 129024K, used 9503K [0x0000000080000000, 0x0000000100000000)
  region size 1024K, 3 young (3072K), 3 survivors (3072K)
 Metaspace       used 3301K, capacity 6150K, committed 6400K, reserved 524288K
  class space    used 412K, capacity 706K, committed 768K, reserved 516096K
}
Event: 0.883 GC heap before
{Heap before GC invocations=1 (full 0):
 garbage-first heap   total 129024K, used 36127K [0x0000000080000000, 0x0000000100000000)
  region size 1024K, 29 young (29696K), 3 survivors (3072K)
 Metaspace       used 4245K, capacity 6729K, committed 7040K, reserved 524288K
  class space    used 507K, capacity 771K, committed 896K, reserved 516096K
}
Event: 0.885 GC heap after
{Heap after GC invocations=2 (full 0):
 garbage-first heap   total 129024K, used 10101K [0x0000000080000000, 0x0000000100000000)
  region size 1024K, 1 young (1024K), 1 survivors (1024K)
 Metaspace       used 4245K, capacity 6729K, committed 7040K, reserved 524288K
  class space    used 507K, capacity 771K, committed 896K, reserved 516096K
}

Deoptimization events (20 events):
Event: 1.779 Thread 0x000001d959cab960 DEOPT PACKING pc=0x000001d947e88ea8 sp=0x00000023f52fad20
Event: 1.779 Thread 0x000001d959cab960 DEOPT UNPACKING pc=0x000001d9403ee42f sp=0x00000023f52facf0 mode 2
Event: 1.779 Thread 0x000001d959cab960 Uncommon trap: trap_request=0xffffff45 fr.pc=0x000001d947ed1f58 relative=0x0000000000000238
Event: 1.779 Thread 0x000001d959cab960 Uncommon trap: reason=unstable_if action=reinterpret pc=0x000001d947ed1f58 method=java.util.regex.Matcher.reset()Ljava/util/regex/Matcher; @ 71 c2
Event: 1.779 Thread 0x000001d959cab960 DEOPT PACKING pc=0x000001d947ed1f58 sp=0x00000023f52facd0
Event: 1.780 Thread 0x000001d959cab960 DEOPT UNPACKING pc=0x000001d9403ee42f sp=0x00000023f52fac60 mode 2
Event: 1.795 Thread 0x000001d959cab960 Uncommon trap: trap_request=0xffffff45 fr.pc=0x000001d947f3d398 relative=0x00000000000006f8
Event: 1.795 Thread 0x000001d959cab960 Uncommon trap: reason=unstable_if action=reinterpret pc=0x000001d947f3d398 method=java.util.ArrayList.grow(I)[Ljava/lang/Object; @ 17 c2
Event: 1.795 Thread 0x000001d959cab960 DEOPT PACKING pc=0x000001d947f3d398 sp=0x00000023f52fcd20
Event: 1.795 Thread 0x000001d959cab960 DEOPT UNPACKING pc=0x000001d9403ee42f sp=0x00000023f52fcbb8 mode 2
Event: 1.838 Thread 0x000001d959cab960 Uncommon trap: trap_request=0xffffff45 fr.pc=0x000001d947e8c138 relative=0x0000000000000b18
Event: 1.838 Thread 0x000001d959cab960 Uncommon trap: reason=unstable_if action=reinterpret pc=0x000001d947e8c138 method=java.io.WinNTFileSystem.resolve(Ljava/lang/String;Ljava/lang/String;)Ljava/lang/String; @ 19 c2
Event: 1.838 Thread 0x000001d959cab960 DEOPT PACKING pc=0x000001d947e8c138 sp=0x00000023f52fcc40
Event: 1.838 Thread 0x000001d959cab960 DEOPT UNPACKING pc=0x000001d9403ee42f sp=0x00000023f52fcbd8 mode 2
Event: 1.839 Thread 0x000001d959cab960 Uncommon trap: trap_request=0xffffff45 fr.pc=0x000001d947ed6990 relative=0x00000000000005d0
Event: 1.839 Thread 0x000001d959cab960 Uncommon trap: reason=unstable_if action=reinterpret pc=0x000001d947ed6990 method=java.io.File.getName()Ljava/lang/String; @ 16 c2
Event: 1.839 Thread 0x000001d959cab960 DEOPT PACKING pc=0x000001d947ed6990 sp=0x00000023f52fcbd0
Event: 1.839 Thread 0x000001d959cab960 DEOPT UNPACKING pc=0x000001d9403ee42f sp=0x00000023f52fcba0 mode 2
Event: 1.848 Thread 0x000001d959cab960 DEOPT PACKING pc=0x000001d9409f17f4 sp=0x00000023f52fb440
Event: 1.848 Thread 0x000001d959cab960 DEOPT UNPACKING pc=0x000001d9403ee23f sp=0x00000023f52fa9c0 mode 0

Classes unloaded (0 events):
No events

Classes redefined (0 events):
No events

Internal exceptions (20 events):
Event: 0.398 Thread 0x000001d936995da0 Exception <a 'java/lang/NoSuchMethodError'{0x0000000086b2ad28}: 'java.lang.Object java.lang.invoke.Invokers$Holder.invokeExact_MT(java.lang.Object, java.lang.Object, java.lang.Object, java.lang.Object)'> (0x0000000086b2ad28) 
thrown [./open/src/hotspot/share/interpreter/linkResolver.cpp, line 782]
Event: 0.465 Thread 0x000001d936995da0 Exception <a 'java/lang/NoSuchMethodError'{0x0000000086bdbec8}: 'void java.lang.invoke.DirectMethodHandle$Holder.invokeSpecial(java.lang.Object, java.lang.Object, java.lang.Object)'> (0x0000000086bdbec8) 
thrown [./open/src/hotspot/share/interpreter/linkResolver.cpp, line 782]
Event: 0.685 Thread 0x000001d936995da0 Exception <a 'java/lang/NoSuchMethodError'{0x0000000087854988}: 'void java.lang.invoke.DirectMethodHandle$Holder.invokeInterface(java.lang.Object, java.lang.Object, java.lang.Object)'> (0x0000000087854988) 
thrown [./open/src/hotspot/share/interpreter/linkResolver.cpp, line 782]
Event: 1.061 Thread 0x000001d936995da0 Exception <a 'java/lang/NoSuchMethodError'{0x000000008687bc40}: 'java.lang.Object java.lang.invoke.DirectMethodHandle$Holder.invokeStatic(java.lang.Object)'> (0x000000008687bc40) 
thrown [./open/src/hotspot/share/interpreter/linkResolver.cpp, line 782]
Event: 1.061 Thread 0x000001d936995da0 Exception <a 'java/lang/NoSuchMethodError'{0x000000008687f558}: 'java.lang.Object java.lang.invoke.DirectMethodHandle$Holder.invokeStaticInit(java.lang.Object)'> (0x000000008687f558) 
thrown [./open/src/hotspot/share/interpreter/linkResolver.cpp, line 782]
Event: 1.073 Thread 0x000001d936995da0 Exception <a 'java/lang/NoSuchMethodError'{0x000000008689be20}: 'java.lang.Object java.lang.invoke.DirectMethodHandle$Holder.invokeInterface(java.lang.Object, java.lang.Object)'> (0x000000008689be20) 
thrown [./open/src/hotspot/share/interpreter/linkResolver.cpp, line 782]
Event: 1.074 Thread 0x000001d936995da0 Exception <a 'java/lang/NoSuchMethodError'{0x00000000868a48f0}: 'java.lang.Object java.lang.invoke.DirectMethodHandle$Holder.invokeStaticInit(java.lang.Object, java.lang.Object, java.lang.Object)'> (0x00000000868a48f0) 
thrown [./open/src/hotspot/share/interpreter/linkResolver.cpp, line 782]
Event: 1.206 Thread 0x000001d936995da0 Exception <a 'java/lang/NoSuchMethodError'{0x0000000086214748}: 'void java.lang.invoke.DirectMethodHandle$Holder.invokeStatic(java.lang.Object, java.lang.Object)'> (0x0000000086214748) 
thrown [./open/src/hotspot/share/interpreter/linkResolver.cpp, line 782]
Event: 1.206 Thread 0x000001d936995da0 Exception <a 'java/lang/NoSuchMethodError'{0x0000000086218150}: 'void java.lang.invoke.DirectMethodHandle$Holder.invokeStaticInit(java.lang.Object, java.lang.Object)'> (0x0000000086218150) 
thrown [./open/src/hotspot/share/interpreter/linkResolver.cpp, line 782]
Event: 1.214 Thread 0x000001d936995da0 Exception <a 'java/lang/NoSuchMethodError'{0x0000000086244f38}: 'java.lang.Object java.lang.invoke.DirectMethodHandle$Holder.invokeStaticInit(java.lang.Object, int, int, int, int)'> (0x0000000086244f38) 
thrown [./open/src/hotspot/share/interpreter/linkResolver.cpp, line 782]
Event: 1.282 Thread 0x000001d936995da0 Exception <a 'java/lang/NoSuchMethodError'{0x000000008625c6d0}: 'java.lang.Object java.lang.invoke.DirectMethodHandle$Holder.invokeStaticInit(java.lang.Object, java.lang.Object, int, int, int, int)'> (0x000000008625c6d0) 
thrown [./open/src/hotspot/share/interpreter/linkResolver.cpp, line 782]
Event: 1.530 Thread 0x000001d936995da0 Exception <a 'java/lang/NoSuchMethodError'{0x0000000085f10218}: 'void java.lang.invoke.DirectMethodHandle$Holder.invokeStatic(java.lang.Object, java.lang.Object, java.lang.Object)'> (0x0000000085f10218) 
thrown [./open/src/hotspot/share/interpreter/linkResolver.cpp, line 782]
Event: 1.548 Thread 0x000001d936995da0 Exception <a 'java/io/IOException'{0x0000000085e3e100}> (0x0000000085e3e100) 
thrown [./open/src/hotspot/share/prims/jni.cpp, line 578]
Event: 1.663 Thread 0x000001d959cab960 Exception <a 'java/lang/NoSuchMethodError'{0x00000000859b8688}: 'long java.lang.invoke.DirectMethodHandle$Holder.invokeInterface(java.lang.Object, java.lang.Object)'> (0x00000000859b8688) 
thrown [./open/src/hotspot/share/interpreter/linkResolver.cpp, line 782]
Event: 1.665 Thread 0x000001d959cab960 Exception <a 'java/lang/NoSuchMethodError'{0x00000000859c73a8}: 'void java.lang.invoke.DelegatingMethodHandle$Holder.reinvoke_L(java.lang.Object, java.lang.Object, java.lang.Object, java.lang.Object, java.lang.Object, java.lang.Object, java.lang.Object)'> (0x00000000859c73a8) 
thrown [./open/src/hotspot/share/interpreter/linkResolver.cpp, line 782]
Event: 1.732 Thread 0x000001d959cab960 Exception <a 'java/lang/NoSuchMethodError'{0x0000000085432f58}: 'void java.lang.invoke.DirectMethodHandle$Holder.invokeStaticInit(java.lang.Object)'> (0x0000000085432f58) 
thrown [./open/src/hotspot/share/interpreter/linkResolver.cpp, line 782]
Event: 1.743 Thread 0x000001d959cab960 Exception <a 'java/lang/NoSuchMethodError'{0x00000000854e2f48}: 'java.lang.Object java.lang.invoke.DirectMethodHandle$Holder.newInvokeSpecial(java.lang.Object, java.lang.Object, java.lang.Object, int)'> (0x00000000854e2f48) 
thrown [./open/src/hotspot/share/interpreter/linkResolver.cpp, line 782]
Event: 1.743 Thread 0x000001d959cab960 Exception <a 'java/lang/NoSuchMethodError'{0x00000000854e7980}: 'java.lang.Object java.lang.invoke.DirectMethodHandle$Holder.invokeSpecial(java.lang.Object, java.lang.Object, java.lang.Object, java.lang.Object, int)'> (0x00000000854e7980) 
thrown [./open/src/hotspot/share/interpreter/linkResolver.cpp, line 782]
Event: 1.743 Thread 0x000001d959cab960 Exception <a 'java/lang/NoSuchMethodError'{0x00000000854ebc90}: 'java.lang.Object java.lang.invoke.Invokers$Holder.linkToTargetMethod(java.lang.Object, java.lang.Object, int, java.lang.Object)'> (0x00000000854ebc90) 
thrown [./open/src/hotspot/share/interpreter/linkResolver.cpp, line 782]
Event: 1.857 Thread 0x000001d959cab960 Exception <a 'java/lang/NoSuchMethodError'{0x0000000084c22890}: 'java.lang.Object java.lang.invoke.DirectMethodHandle$Holder.newInvokeSpecial(java.lang.Object, java.lang.Object, java.lang.Object, java.lang.Object, java.lang.Object, java.lang.Object)'> (0x0000000084c22890) 
thrown [./open/src/hotspot/share/interpreter/linkResolver.cpp, line 782]

Events (20 events):
Event: 1.762 loading class java/util/concurrent/atomic/AtomicReferenceArray done
Event: 1.768 Thread 0x000001d959ac5f50 Thread added: 0x000001d959ac5f50
Event: 1.768 loading class java/net/DatagramPacket
Event: 1.768 loading class java/net/DatagramPacket done
Event: 1.769 loading class sun/nio/ch/DatagramSocketAdaptor$DatagramPackets
Event: 1.769 loading class sun/nio/ch/DatagramSocketAdaptor$DatagramPackets done
Event: 1.780 loading class java/util/TreeMap$Values
Event: 1.780 loading class java/util/TreeMap$Values done
Event: 1.839 loading class java/io/File$TempDirectory
Event: 1.839 loading class java/io/File$TempDirectory done
Event: 1.842 loading class java/io/PrintWriter
Event: 1.842 loading class java/io/PrintWriter done
Event: 1.847 loading class java/io/UncheckedIOException
Event: 1.847 loading class java/io/UncheckedIOException done
Event: 1.850 loading class java/util/zip/CheckedInputStream
Event: 1.850 loading class java/util/zip/CheckedInputStream done
Event: 1.851 loading class java/nio/file/FileVisitor
Event: 1.851 loading class java/nio/file/FileVisitor done
Event: 1.851 loading class java/io/FilenameFilter
Event: 1.851 loading class java/io/FilenameFilter done


Dynamic libraries:
0x00007ff758080000 - 0x00007ff75808f000 	C:\Program Files\Java\jdk-15.0.1\bin\java.exe
0x00007ffce9eb0000 - 0x00007ffcea0a8000 	C:\WINDOWS\SYSTEM32\ntdll.dll
0x00007ffce8f40000 - 0x00007ffce8fff000 	C:\WINDOWS\System32\KERNEL32.DLL
0x00007ffce7640000 - 0x00007ffce7912000 	C:\WINDOWS\System32\KERNELBASE.dll
0x00007ffce7a00000 - 0x00007ffce7b00000 	C:\WINDOWS\System32\ucrtbase.dll
0x00007ffcd7cf0000 - 0x00007ffcd7d09000 	C:\Program Files\Java\jdk-15.0.1\bin\VCRUNTIME140.dll
0x00007ffcd8c40000 - 0x00007ffcd8c58000 	C:\Program Files\Java\jdk-15.0.1\bin\jli.dll
0x00007ffce8b90000 - 0x00007ffce8c3e000 	C:\WINDOWS\System32\ADVAPI32.dll
0x00007ffce8c70000 - 0x00007ffce8d0e000 	C:\WINDOWS\System32\msvcrt.dll
0x00007ffce9b60000 - 0x00007ffce9bfc000 	C:\WINDOWS\System32\sechost.dll
0x00007ffce9000000 - 0x00007ffce9125000 	C:\WINDOWS\System32\RPCRT4.dll
0x00007ffce8d90000 - 0x00007ffce8f31000 	C:\WINDOWS\System32\USER32.dll
0x00007ffce69a0000 - 0x00007ffce6c3a000 	C:\WINDOWS\WinSxS\amd64_microsoft.windows.common-controls_6595b64144ccf1df_6.0.19041.1110_none_60b5254171f9507e\COMCTL32.dll
0x00007ffce7be0000 - 0x00007ffce7c02000 	C:\WINDOWS\System32\win32u.dll
0x00007ffce8c40000 - 0x00007ffce8c6b000 	C:\WINDOWS\System32\GDI32.dll
0x00007ffce7c10000 - 0x00007ffce7d1f000 	C:\WINDOWS\System32\gdi32full.dll
0x00007ffce75a0000 - 0x00007ffce763d000 	C:\WINDOWS\System32\msvcp_win.dll
0x00007ffcdf2f0000 - 0x00007ffcdf2fa000 	C:\WINDOWS\SYSTEM32\VERSION.dll
0x00007ffce7fd0000 - 0x00007ffce8002000 	C:\WINDOWS\System32\IMM32.DLL
0x00007ffce1ed0000 - 0x00007ffce1edc000 	C:\Program Files\Java\jdk-15.0.1\bin\vcruntime140_1.dll
0x00007ffcb9c10000 - 0x00007ffcb9ca1000 	C:\Program Files\Java\jdk-15.0.1\bin\msvcp140.dll
0x00007ffcad190000 - 0x00007ffcadcee000 	C:\Program Files\Java\jdk-15.0.1\bin\server\jvm.dll
0x00007ffce8d80000 - 0x00007ffce8d88000 	C:\WINDOWS\System32\PSAPI.DLL
0x00007ffcded70000 - 0x00007ffcded79000 	C:\WINDOWS\SYSTEM32\WSOCK32.dll
0x00007ffcd5240000 - 0x00007ffcd5267000 	C:\WINDOWS\SYSTEM32\WINMM.dll
0x00007ffce8d10000 - 0x00007ffce8d7b000 	C:\WINDOWS\System32\WS2_32.dll
0x00007ffce4df0000 - 0x00007ffce4e02000 	C:\WINDOWS\SYSTEM32\kernel.appcore.dll
0x00007ffcd92c0000 - 0x00007ffcd92ca000 	C:\Program Files\Java\jdk-15.0.1\bin\jimage.dll
0x00007ffce6f50000 - 0x00007ffce7134000 	C:\WINDOWS\SYSTEM32\DBGHELP.DLL
0x00007ffce6d70000 - 0x00007ffce6da5000 	C:\WINDOWS\SYSTEM32\dbgcore.DLL
0x00007ffce7920000 - 0x00007ffce79a2000 	C:\WINDOWS\System32\bcryptPrimitives.dll
0x00007ffcc25d0000 - 0x00007ffcc25f5000 	C:\Program Files\Java\jdk-15.0.1\bin\java.dll
0x00007ffce9410000 - 0x00007ffce9b54000 	C:\WINDOWS\System32\SHELL32.dll
0x00007ffce4ff0000 - 0x00007ffce5782000 	C:\WINDOWS\SYSTEM32\windows.storage.dll
0x00007ffce8780000 - 0x00007ffce8ad5000 	C:\WINDOWS\System32\combase.dll
0x00007ffce6900000 - 0x00007ffce6930000 	C:\WINDOWS\SYSTEM32\Wldp.dll
0x00007ffce9c00000 - 0x00007ffce9cad000 	C:\WINDOWS\System32\SHCORE.dll
0x00007ffce9e10000 - 0x00007ffce9e65000 	C:\WINDOWS\System32\shlwapi.dll
0x00007ffce74e0000 - 0x00007ffce74ff000 	C:\WINDOWS\SYSTEM32\profapi.dll
0x00007ffcd74e0000 - 0x00007ffcd74f9000 	C:\Program Files\Java\jdk-15.0.1\bin\net.dll
0x00007ffcdfe00000 - 0x00007ffcdff0c000 	C:\WINDOWS\SYSTEM32\WINHTTP.dll
0x00007ffce67d0000 - 0x00007ffce683a000 	C:\WINDOWS\system32\mswsock.dll
0x00007ffcd6730000 - 0x00007ffcd6742000 	C:\Program Files\Java\jdk-15.0.1\bin\nio.dll
0x00007ffccbaa0000 - 0x00007ffccbab8000 	C:\Program Files\Java\jdk-15.0.1\bin\zip.dll
0x00007ffcd5a70000 - 0x00007ffcd5a80000 	C:\Program Files\Java\jdk-15.0.1\bin\verify.dll
0x00007ffcbeaa0000 - 0x00007ffcbeac7000 	C:\Users\ACER\.gradle\native\e1d6ef7f7dcc3fd88c89a11ec53ec762bb8ba0a96d01ffa2cd45eb1d1d8dd5c5\windows-amd64\native-platform.dll
0x00007ffcbc540000 - 0x00007ffcbc684000 	C:\Users\ACER\.gradle\native\0d407fdbe67a94daf76414ababcb853783967236a71b16ec16e742cd7a986fd3\windows-amd64\native-platform-file-events.dll
0x00007ffcd74b0000 - 0x00007ffcd74b9000 	C:\Program Files\Java\jdk-15.0.1\bin\management.dll
0x00007ffcd65d0000 - 0x00007ffcd65db000 	C:\Program Files\Java\jdk-15.0.1\bin\management_ext.dll
0x00007ffce7330000 - 0x00007ffce7348000 	C:\WINDOWS\SYSTEM32\CRYPTSP.dll
0x00007ffce5fe0000 - 0x00007ffce6014000 	C:\WINDOWS\system32\rsaenh.dll
0x00007ffce7b00000 - 0x00007ffce7b27000 	C:\WINDOWS\System32\bcrypt.dll
0x00007ffce74a0000 - 0x00007ffce74ce000 	C:\WINDOWS\SYSTEM32\USERENV.dll
0x00007ffce68c0000 - 0x00007ffce68cc000 	C:\WINDOWS\SYSTEM32\CRYPTBASE.dll
0x00007ffce6350000 - 0x00007ffce638b000 	C:\WINDOWS\SYSTEM32\IPHLPAPI.DLL
0x00007ffce85c0000 - 0x00007ffce85c8000 	C:\WINDOWS\System32\NSI.dll
0x00007ffcdf3c0000 - 0x00007ffcdf3d7000 	C:\WINDOWS\SYSTEM32\dhcpcsvc6.DLL
0x00007ffcdf340000 - 0x00007ffcdf35d000 	C:\WINDOWS\SYSTEM32\dhcpcsvc.DLL
0x00007ffce6390000 - 0x00007ffce645a000 	C:\WINDOWS\SYSTEM32\DNSAPI.dll

dbghelp: loaded successfully - version: 4.0.5 - missing functions: none
symbol engine: initialized successfully - sym options: 0x614 - pdb path: .;C:\Program Files\Java\jdk-15.0.1\bin;C:\WINDOWS\SYSTEM32;C:\WINDOWS\WinSxS\amd64_microsoft.windows.common-controls_6595b64144ccf1df_6.0.19041.1110_none_60b5254171f9507e;C:\Program Files\Java\jdk-15.0.1\bin\server;C:\Users\ACER\.gradle\native\e1d6ef7f7dcc3fd88c89a11ec53ec762bb8ba0a96d01ffa2cd45eb1d1d8dd5c5\windows-amd64;C:\Users\ACER\.gradle\native\0d407fdbe67a94daf76414ababcb853783967236a71b16ec16e742cd7a986fd3\windows-amd64

VM Arguments:
jvm_args: -XX:MaxMetaspaceSize=512m --add-opens=java.base/java.util=ALL-UNNAMED --add-opens=java.base/java.lang=ALL-UNNAMED --add-opens=java.base/java.lang.invoke=ALL-UNNAMED --add-opens=java.base/java.util=ALL-UNNAMED --add-opens=java.prefs/java.util.prefs=ALL-UNNAMED --add-opens=java.prefs/java.util.prefs=ALL-UNNAMED --add-opens=java.base/java.nio.charset=ALL-UNNAMED --add-opens=java.base/java.net=ALL-UNNAMED --add-opens=java.base/java.util.concurrent.atomic=ALL-UNNAMED -Xmx2048m -Dfile.encoding=utf8 -Duser.country=US -Duser.language=en -Duser.variant 
java_command: org.gradle.launcher.daemon.bootstrap.GradleDaemon 7.5.1
java_class_path (initial): C:\Users\ACER\.gradle\wrapper\dists\gradle-7.5.1-all\1ehga6e77gqps5uk2kc5kf1vc\gradle-7.5.1\lib\gradle-launcher-7.5.1.jar
Launcher Type: SUN_STANDARD

[Global flags]
     intx CICompilerCount                          = 4                                         {product} {ergonomic}
   size_t CompressedClassSpaceSize                 = 528482304                                 {product} {ergonomic}
     uint ConcGCThreads                            = 2                                         {product} {ergonomic}
     uint G1ConcRefinementThreads                  = 8                                         {product} {ergonomic}
   size_t G1HeapRegionSize                         = 1048576                                   {product} {ergonomic}
    uintx GCDrainStackTargetSize                   = 64                                        {product} {ergonomic}
   size_t InitialHeapSize                          = 132120576                                 {product} {ergonomic}
   size_t MarkStackSize                            = 4194304                                   {product} {ergonomic}
   size_t MaxHeapSize                              = 2147483648                                {product} {command line}
   size_t MaxMetaspaceSize                         = 536870912                                 {product} {command line}
   size_t MaxNewSize                               = 1287651328                                {product} {ergonomic}
   size_t MinHeapDeltaBytes                        = 1048576                                   {product} {ergonomic}
   size_t MinHeapSize                              = 8388608                                   {product} {ergonomic}
    uintx NonNMethodCodeHeapSize                   = 5839372                                {pd product} {ergonomic}
    uintx NonProfiledCodeHeapSize                  = 122909434                              {pd product} {ergonomic}
    uintx ProfiledCodeHeapSize                     = 122909434                              {pd product} {ergonomic}
    uintx ReservedCodeCacheSize                    = 251658240                              {pd product} {ergonomic}
     bool SegmentedCodeCache                       = true                                      {product} {ergonomic}
   size_t SoftMaxHeapSize                          = 2147483648                             {manageable} {ergonomic}
     bool UseCompressedClassPointers               = true                                 {lp64_product} {ergonomic}
     bool UseCompressedOops                        = true                                 {lp64_product} {ergonomic}
     bool UseG1GC                                  = true                                      {product} {ergonomic}
     bool UseLargePagesIndividualAllocation        = false                                  {pd product} {ergonomic}

Logging:
Log output configuration:
 #0: stdout all=warning uptime,level,tags
 #1: stderr all=off uptime,level,tags

Environment Variables:
JAVA_HOME=C:\Program Files\Java\jdk-15.0.1
PATH=C:\Python39\Scripts\;C:\Python39\;C:\Windows\system32;C:\Windows;C:\Windows\System32\Wbem;C:\Windows\System32\WindowsPowerShell\v1.0\;C:\Windows\System32\OpenSSH\;C:\Program Files (x86)\NVIDIA Corporation\PhysX\Common;C:\Program Files\NVIDIA Corporation\NVIDIA NvDLISR;C:\WINDOWS\system32;C:\WINDOWS;C:\WINDOWS\System32\Wbem;C:\WINDOWS\System32\WindowsPowerShell\v1.0\;C:\WINDOWS\System32\OpenSSH\;C:\Program Files\nodejs;C:\ProgramData\chocolatey\bin;C:\Program Files\sdk\platforms;C:\Program Files\Java\jdk-15.0.1\bin;D:\Git\cmd;C:\Program Files\nodejs\;C:\Users\ACER\AppData\Local\Microsoft\WindowsApps;C:\Users\ACER\AppData\Local\Android\Sdk\platform-tools;C:\Users\ACER\AppData\Local\Programs\Microsoft VS Code\bin;C:\Users\ACER\AppData\Roaming\npm
USERNAME=ACER
OS=Windows_NT
PROCESSOR_IDENTIFIER=Intel64 Family 6 Model 158 Stepping 13, GenuineIntel



---------------  S Y S T E M  ---------------

OS:
 Windows 10 , 64 bit Build 19041 (10.0.19041.2364)
OS uptime: 2 days 10:38 hours

CPU: total 8 (initial active 8) (4 cores per cpu, 2 threads per core) family 6 model 158 stepping 13 microcode 0xb8, cmov, cx8, fxsr, mmx, sse, sse2, sse3, ssse3, sse4.1, sse4.2, popcnt, vzeroupper, avx, avx2, aes, clmul, erms, 3dnowpref, lzcnt, ht, tsc, tscinvbit, bmi1, bmi2, adx, fma, clflush, clflushopt

Memory: 4k page, system-wide physical 8034M (178M free)
TotalPageFile size 20322M (AvailPageFile size 2M)
current process WorkingSet (physical memory assigned to process): 138M, peak: 138M
current process commit charge ("private bytes"): 252M, peak: 253M

vm_info: Java HotSpot(TM) 64-Bit Server VM (15.0.1+9-18) for windows-amd64 JRE (15.0.1+9-18), built on Sep 15 2020 14:43:54 by "mach5one" with unknown MS VC++:1925

END.
