#
# There is insufficient memory for the Java Runtime Environment to continue.
# Native memory allocation (malloc) failed to allocate 1201296 bytes for Chunk::new
# Possible reasons:
#   The system is out of physical RAM or swap space
#   The process is running with CompressedOops enabled, and the Java Heap may be blocking the growth of the native heap
# Possible solutions:
#   Reduce memory load on the system
#   Increase physical memory or swap space
#   Check if swap backing store is full
#   Decrease Java heap size (-Xmx/-Xms)
#   Decrease number of Java threads
#   Decrease Java thread stack sizes (-Xss)
#   Set larger code cache with -XX:ReservedCodeCacheSize=
#   JVM is running with Unscaled Compressed Oops mode in which the Java heap is
#     placed in the first 4GB address space. The Java Heap base address is the
#     maximum limit for the native heap growth. Please use -XX:HeapBaseMinAddress
#     to set the Java Heap base and to place the Java Heap above 4GB virtual address.
# This output file may be truncated or incomplete.
#
#  Out of Memory Error (./open/src/hotspot/share/memory/arena.cpp:195), pid=11092, tid=16876
#
# JRE version: Java(TM) SE Runtime Environment (15.0.1+9) (build 15.0.1+9-18)
# Java VM: Java HotSpot(TM) 64-Bit Server VM (15.0.1+9-18, mixed mode, sharing, tiered, compressed oops, g1 gc, windows-amd64)
# No core dump will be written. Minidumps are not enabled by default on client versions of Windows
#

---------------  S U M M A R Y ------------

Command Line: -XX:MaxMetaspaceSize=512m --add-opens=java.base/java.util=ALL-UNNAMED --add-opens=java.base/java.lang=ALL-UNNAMED --add-opens=java.base/java.lang.invoke=ALL-UNNAMED --add-opens=java.base/java.util=ALL-UNNAMED --add-opens=java.prefs/java.util.prefs=ALL-UNNAMED --add-opens=java.prefs/java.util.prefs=ALL-UNNAMED --add-opens=java.base/java.nio.charset=ALL-UNNAMED --add-opens=java.base/java.net=ALL-UNNAMED --add-opens=java.base/java.util.concurrent.atomic=ALL-UNNAMED -Xmx2048m -Dfile.encoding=utf8 -Duser.country=US -Duser.language=en -Duser.variant org.gradle.launcher.daemon.bootstrap.GradleDaemon 7.5.1

Host: Intel(R) Core(TM) i5-9300H CPU @ 2.40GHz, 8 cores, 7G,  Windows 10 , 64 bit Build 19041 (10.0.19041.2364)
Time: Fri Dec  1 09:06:39 2023 SE Asia Standard Time elapsed time: 9.019584 seconds (0d 0h 0m 9s)

---------------  T H R E A D  ---------------

Current thread (0x0000018a34b12060):  JavaThread "C2 CompilerThread0" daemon [_thread_in_native, id=16876, stack(0x00000018d2600000,0x00000018d2700000)]


Current CompileTask:
C2:   9019 3254   !   4       java.lang.reflect.Executable::declaredAnnotations (85 bytes)

Stack: [0x00000018d2600000,0x00000018d2700000]
Native frames: (J=compiled Java code, j=interpreted, Vv=VM code, C=native code)
V  [jvm.dll+0x62ae9a]
V  [jvm.dll+0x781389]
V  [jvm.dll+0x782ae3]
V  [jvm.dll+0x783143]
V  [jvm.dll+0x216265]
V  [jvm.dll+0x97efa]
V  [jvm.dll+0x985dc]
V  [jvm.dll+0x32e4c8]
V  [jvm.dll+0x2f78aa]
V  [jvm.dll+0x2f6c6a]
V  [jvm.dll+0x1ea645]
V  [jvm.dll+0x1e98ae]
V  [jvm.dll+0x1784c7]
V  [jvm.dll+0x1f9165]
V  [jvm.dll+0x1f720c]
V  [jvm.dll+0x74485d]
V  [jvm.dll+0x73d65a]
V  [jvm.dll+0x629c56]
C  [ucrtbase.dll+0x21bb2]
C  [KERNEL32.DLL+0x17614]
C  [ntdll.dll+0x526a1]


---------------  P R O C E S S  ---------------

Threads class SMR info:
_java_thread_list=0x0000018a37c2a2f0, length=37, elements={
0x0000018a13ffa8f0, 0x0000018a34af3170, 0x0000018a34af3c50, 0x0000018a34b0e030,
0x0000018a34b0e9f0, 0x0000018a34b0f3b0, 0x0000018a34b12060, 0x0000018a34b14a20,
0x0000018a34b16330, 0x0000018a355616c0, 0x0000018a355ba110, 0x0000018a370814d0,
0x0000018a371bce10, 0x0000018a37186d80, 0x0000018a36d5f450, 0x0000018a36de1930,
0x0000018a36e1b600, 0x0000018a36e1bad0, 0x0000018a371de1e0, 0x0000018a371e0390,
0x0000018a371deb80, 0x0000018a371e0860, 0x0000018a371de6b0, 0x0000018a371e1200,
0x0000018a3992d240, 0x0000018a3992a6f0, 0x0000018a3992fd90, 0x0000018a39930c00,
0x0000018a3992d710, 0x0000018a3992b090, 0x0000018a3992ba30, 0x0000018a3992ef20,
0x0000018a3992bf00, 0x0000018a3992e580, 0x0000018a3992f3f0, 0x0000018a3992f8c0,
0x0000018a3992a220
}

Java Threads: ( => current thread )
  0x0000018a13ffa8f0 JavaThread "main" [_thread_blocked, id=9324, stack(0x00000018d1a00000,0x00000018d1b00000)]
  0x0000018a34af3170 JavaThread "Reference Handler" daemon [_thread_blocked, id=15332, stack(0x00000018d2100000,0x00000018d2200000)]
  0x0000018a34af3c50 JavaThread "Finalizer" daemon [_thread_blocked, id=2448, stack(0x00000018d2200000,0x00000018d2300000)]
  0x0000018a34b0e030 JavaThread "Signal Dispatcher" daemon [_thread_blocked, id=3068, stack(0x00000018d2300000,0x00000018d2400000)]
  0x0000018a34b0e9f0 JavaThread "Attach Listener" daemon [_thread_blocked, id=908, stack(0x00000018d2400000,0x00000018d2500000)]
  0x0000018a34b0f3b0 JavaThread "Service Thread" daemon [_thread_blocked, id=16440, stack(0x00000018d2500000,0x00000018d2600000)]
=>0x0000018a34b12060 JavaThread "C2 CompilerThread0" daemon [_thread_in_native, id=16876, stack(0x00000018d2600000,0x00000018d2700000)]
  0x0000018a34b14a20 JavaThread "C1 CompilerThread0" daemon [_thread_blocked, id=8616, stack(0x00000018d2700000,0x00000018d2800000)]
  0x0000018a34b16330 JavaThread "Sweeper thread" daemon [_thread_blocked, id=16128, stack(0x00000018d2800000,0x00000018d2900000)]
  0x0000018a355616c0 JavaThread "Common-Cleaner" daemon [_thread_blocked, id=17328, stack(0x00000018d2900000,0x00000018d2a00000)]
  0x0000018a355ba110 JavaThread "Notification Thread" daemon [_thread_blocked, id=15392, stack(0x00000018d2a00000,0x00000018d2b00000)]
  0x0000018a370814d0 JavaThread "Daemon health stats" [_thread_blocked, id=16300, stack(0x00000018d2f00000,0x00000018d3000000)]
  0x0000018a371bce10 JavaThread "Incoming local TCP Connector on port 52563" [_thread_in_native, id=15268, stack(0x00000018d3000000,0x00000018d3100000)]
  0x0000018a37186d80 JavaThread "Daemon periodic checks" [_thread_blocked, id=13248, stack(0x00000018d3100000,0x00000018d3200000)]
  0x0000018a36d5f450 JavaThread "Daemon" [_thread_blocked, id=1348, stack(0x00000018d3200000,0x00000018d3300000)]
  0x0000018a36de1930 JavaThread "Handler for socket connection from /127.0.0.1:52563 to /127.0.0.1:52564" [_thread_in_native, id=7940, stack(0x00000018d3300000,0x00000018d3400000)]
  0x0000018a36e1b600 JavaThread "Cancel handler" [_thread_blocked, id=13480, stack(0x00000018d3400000,0x00000018d3500000)]
  0x0000018a36e1bad0 JavaThread "Daemon worker" [_thread_in_native, id=18156, stack(0x00000018d3500000,0x00000018d3600000)]
  0x0000018a371de1e0 JavaThread "Asynchronous log dispatcher for DefaultDaemonConnection: socket connection from /127.0.0.1:52563 to /127.0.0.1:52564" [_thread_blocked, id=2064, stack(0x00000018d3600000,0x00000018d3700000)]
  0x0000018a371e0390 JavaThread "Stdin handler" [_thread_blocked, id=4360, stack(0x00000018d3700000,0x00000018d3800000)]
  0x0000018a371deb80 JavaThread "Daemon client event forwarder" [_thread_blocked, id=15396, stack(0x00000018d3800000,0x00000018d3900000)]
  0x0000018a371e0860 JavaThread "Cache worker for journal cache (C:\Users\ACER\.gradle\caches\journal-1)" [_thread_blocked, id=14868, stack(0x00000018d3900000,0x00000018d3a00000)]
  0x0000018a371de6b0 JavaThread "File lock request listener" [_thread_in_native, id=16504, stack(0x00000018d3a00000,0x00000018d3b00000)]
  0x0000018a371e1200 JavaThread "Cache worker for file hash cache (C:\Users\ACER\.gradle\caches\7.5.1\fileHashes)" [_thread_blocked, id=892, stack(0x00000018d3b00000,0x00000018d3c00000)]
  0x0000018a3992d240 JavaThread "File watcher server" daemon [_thread_in_native, id=7160, stack(0x00000018d4100000,0x00000018d4200000)]
  0x0000018a3992a6f0 JavaThread "File watcher consumer" daemon [_thread_blocked, id=13600, stack(0x00000018d4200000,0x00000018d4300000)]
  0x0000018a3992fd90 JavaThread "jar transforms" [_thread_blocked, id=9396, stack(0x00000018d4300000,0x00000018d4400000)]
  0x0000018a39930c00 JavaThread "jar transforms Thread 2" [_thread_blocked, id=12272, stack(0x00000018d4400000,0x00000018d4500000)]
  0x0000018a3992d710 JavaThread "jar transforms Thread 3" [_thread_blocked, id=14484, stack(0x00000018d4500000,0x00000018d4600000)]
  0x0000018a3992b090 JavaThread "Cache worker for checksums cache (C:\Users\ACER\Downloads\ToDoList\android\.gradle\7.5.1\checksums)" [_thread_blocked, id=13956, stack(0x00000018d4700000,0x00000018d4800000)]
  0x0000018a3992ba30 JavaThread "Cache worker for cache directory md-rule (C:\Users\ACER\.gradle\caches\7.5.1\md-rule)" [_thread_blocked, id=10396, stack(0x00000018d4800000,0x00000018d4900000)]
  0x0000018a3992ef20 JavaThread "Cache worker for file content cache (C:\Users\ACER\.gradle\caches\7.5.1\fileContent)" [_thread_blocked, id=10788, stack(0x00000018d4900000,0x00000018d4a00000)]
  0x0000018a3992bf00 JavaThread "Cache worker for file hash cache (C:\Users\ACER\Downloads\ToDoList\android\.gradle\7.5.1\fileHashes)" [_thread_blocked, id=5588, stack(0x00000018d4a00000,0x00000018d4b00000)]
  0x0000018a3992e580 JavaThread "Cache worker for cache directory md-supplier (C:\Users\ACER\.gradle\caches\7.5.1\md-supplier)" [_thread_blocked, id=18012, stack(0x00000018d4b00000,0x00000018d4c00000)]
  0x0000018a3992f3f0 JavaThread "Cache worker for execution history cache (C:\Users\ACER\.gradle\caches\7.5.1\executionHistory)" [_thread_blocked, id=16612, stack(0x00000018d4c00000,0x00000018d4d00000)]
  0x0000018a3992f8c0 JavaThread "jar transforms Thread 4" [_thread_blocked, id=15296, stack(0x00000018d4d00000,0x00000018d4e00000)]
  0x0000018a3992a220 JavaThread "jar transforms Thread 5" [_thread_blocked, id=12008, stack(0x00000018d4e00000,0x00000018d4f00000)]

Other Threads:
  0x0000018a34aef9d0 VMThread "VM Thread" [stack: 0x00000018d2000000,0x00000018d2100000] [id=15948]
  0x0000018a355ba5e0 WatcherThread [stack: 0x00000018d2b00000,0x00000018d2c00000] [id=8156]
  0x0000018a14034f00 GCTaskThread "GC Thread#0" [stack: 0x00000018d1b00000,0x00000018d1c00000] [id=16420]
  0x0000018a35f48a80 GCTaskThread "GC Thread#1" [stack: 0x00000018d2c00000,0x00000018d2d00000] [id=15600]
  0x0000018a35f46440 GCTaskThread "GC Thread#2" [stack: 0x00000018d2d00000,0x00000018d2e00000] [id=1656]
  0x0000018a35f47760 GCTaskThread "GC Thread#3" [stack: 0x00000018d3c00000,0x00000018d3d00000] [id=14096]
  0x0000018a35f46aa0 GCTaskThread "GC Thread#4" [stack: 0x00000018d3d00000,0x00000018d3e00000] [id=1100]
  0x0000018a35f490e0 GCTaskThread "GC Thread#5" [stack: 0x00000018d3e00000,0x00000018d3f00000] [id=12352]
  0x0000018a35f49a70 GCTaskThread "GC Thread#6" [stack: 0x00000018d3f00000,0x00000018d4000000] [id=16016]
  0x0000018a35f47430 GCTaskThread "GC Thread#7" [stack: 0x00000018d4000000,0x00000018d4100000] [id=1652]
  0x0000018a14045e20 ConcurrentGCThread "G1 Main Marker" [stack: 0x00000018d1c00000,0x00000018d1d00000] [id=18092]
  0x0000018a14046e80 ConcurrentGCThread "G1 Conc#0" [stack: 0x00000018d1d00000,0x00000018d1e00000] [id=10488]
  0x0000018a35f47dc0 ConcurrentGCThread "G1 Conc#1" [stack: 0x00000018d4600000,0x00000018d4700000] [id=8364]
  0x0000018a140c0900 ConcurrentGCThread "G1 Refine#0" [stack: 0x00000018d1e00000,0x00000018d1f00000] [id=8680]
  0x0000018a3615bcf0 ConcurrentGCThread "G1 Refine#1" [stack: 0x00000018d2e00000,0x00000018d2f00000] [id=612]
  0x0000018a34990480 ConcurrentGCThread "G1 Young RemSet Sampling" [stack: 0x00000018d1f00000,0x00000018d2000000] [id=4088]

Threads with active compile tasks:
C2 CompilerThread0     9053 3254   !   4       java.lang.reflect.Executable::declaredAnnotations (85 bytes)

VM state: not at safepoint (normal execution)

VM Mutex/Monitor currently owned by a thread:  ([mutex/lock_event])
[0x0000018a13ff56c0] SystemDictionary_lock - owner thread: 0x0000000000000000

Heap address: 0x0000000080000000, size: 2048 MB, Compressed Oops mode: 32-bit
CDS archive(s) mapped at: [0x0000000800000000-0x0000000800b50000-0x0000000800b50000), size 11862016, SharedBaseAddress: 0x0000000800000000, ArchiveRelocationMode: 0.
Compressed class space mapped at: 0x0000000800b50000-0x0000000820350000, size: 528482304
Narrow klass base: 0x0000000800000000, Narrow klass shift: 3, Narrow klass range: 0x100000000

GC Precious Log:
 CPUs: 8 total, 8 available
 Memory: 8034M
 Large Page Support: Disabled
 NUMA Support: Disabled
 Compressed Oops: Enabled (32-bit)
 Heap Region Size: 1M
 Heap Min Capacity: 8M
 Heap Initial Capacity: 126M
 Heap Max Capacity: 2G
 Pre-touch: Disabled
 Parallel Workers: 8
 Concurrent Workers: 2
 Concurrent Refinement Workers: 8
 Periodic GC: Disabled

Heap:
 garbage-first heap   total 86016K, used 38178K [0x0000000080000000, 0x0000000100000000)
  region size 1024K, 18 young (18432K), 3 survivors (3072K)
 Metaspace       used 31389K, capacity 32106K, committed 32176K, reserved 544768K
  class space    used 4352K, capacity 4580K, committed 4608K, reserved 516096K

Heap Regions: E=young(eden), S=young(survivor), O=old, HS=humongous(starts), HC=humongous(continues), CS=collection set, F=free, OA=open archive, CA=closed archive, TAMS=top-at-mark-start (previous, next)
|   0|0x0000000080000000, 0x0000000080100000, 0x0000000080100000|100%| O|  |TAMS 0x0000000080100000, 0x0000000080000000| Untracked 
|   1|0x0000000080100000, 0x0000000080200000, 0x0000000080200000|100%| O|  |TAMS 0x0000000080200000, 0x0000000080100000| Untracked 
|   2|0x0000000080200000, 0x0000000080300000, 0x0000000080300000|100%| O|  |TAMS 0x000000008021c600, 0x0000000080200000| Untracked 
|   3|0x0000000080300000, 0x0000000080400000, 0x0000000080400000|100%|HS|  |TAMS 0x0000000080400000, 0x0000000080300000| Complete 
|   4|0x0000000080400000, 0x0000000080500000, 0x0000000080500000|100%|HC|  |TAMS 0x0000000080500000, 0x0000000080400000| Complete 
|   5|0x0000000080500000, 0x0000000080600000, 0x0000000080600000|100%|HC|  |TAMS 0x0000000080600000, 0x0000000080500000| Complete 
|   6|0x0000000080600000, 0x0000000080700000, 0x0000000080700000|100%| O|  |TAMS 0x0000000080700000, 0x0000000080600000| Untracked 
|   7|0x0000000080700000, 0x0000000080800000, 0x0000000080800000|100%| O|  |TAMS 0x0000000080800000, 0x0000000080700000| Untracked 
|   8|0x0000000080800000, 0x0000000080900000, 0x0000000080900000|100%| O|  |TAMS 0x0000000080900000, 0x0000000080800000| Untracked 
|   9|0x0000000080900000, 0x0000000080a00000, 0x0000000080a00000|100%| O|  |TAMS 0x0000000080a00000, 0x0000000080900000| Untracked 
|  10|0x0000000080a00000, 0x0000000080b00000, 0x0000000080b00000|100%| O|  |TAMS 0x0000000080a00000, 0x0000000080a00000| Untracked 
|  11|0x0000000080b00000, 0x0000000080c00000, 0x0000000080c00000|100%| O|  |TAMS 0x0000000080b00000, 0x0000000080b00000| Untracked 
|  12|0x0000000080c00000, 0x0000000080d00000, 0x0000000080d00000|100%| O|  |TAMS 0x0000000080c00000, 0x0000000080c00000| Untracked 
|  13|0x0000000080d00000, 0x0000000080e00000, 0x0000000080e00000|100%| O|  |TAMS 0x0000000080d00000, 0x0000000080d00000| Untracked 
|  14|0x0000000080e00000, 0x0000000080f00000, 0x0000000080f00000|100%| O|  |TAMS 0x0000000080e00000, 0x0000000080e00000| Untracked 
|  15|0x0000000080f00000, 0x0000000081000000, 0x0000000081000000|100%| O|  |TAMS 0x0000000080f00000, 0x0000000080f00000| Untracked 
|  16|0x0000000081000000, 0x0000000081100000, 0x0000000081100000|100%| O|  |TAMS 0x0000000081000000, 0x0000000081000000| Untracked 
|  17|0x0000000081100000, 0x00000000811e3c00, 0x0000000081200000| 88%| O|  |TAMS 0x0000000081100000, 0x0000000081100000| Untracked 
|  18|0x0000000081200000, 0x0000000081300000, 0x0000000081300000|100%| O|  |TAMS 0x0000000081200000, 0x0000000081200000| Untracked 
|  19|0x0000000081300000, 0x0000000081400000, 0x0000000081400000|100%| O|  |TAMS 0x0000000081300000, 0x0000000081300000| Untracked 
|  20|0x0000000081400000, 0x0000000081500000, 0x0000000081500000|100%| O|  |TAMS 0x0000000081400000, 0x0000000081400000| Untracked 
|  21|0x0000000081500000, 0x0000000081519c00, 0x0000000081600000| 10%| O|  |TAMS 0x0000000081500000, 0x0000000081500000| Untracked 
|  22|0x0000000081600000, 0x0000000081600000, 0x0000000081700000|  0%| F|  |TAMS 0x0000000081600000, 0x0000000081600000| Untracked 
|  23|0x0000000081700000, 0x0000000081700000, 0x0000000081800000|  0%| F|  |TAMS 0x0000000081700000, 0x0000000081700000| Untracked 
|  24|0x0000000081800000, 0x0000000081800000, 0x0000000081900000|  0%| F|  |TAMS 0x0000000081800000, 0x0000000081800000| Untracked 
|  25|0x0000000081900000, 0x0000000081900000, 0x0000000081a00000|  0%| F|  |TAMS 0x0000000081900000, 0x0000000081900000| Untracked 
|  26|0x0000000081a00000, 0x0000000081a00000, 0x0000000081b00000|  0%| F|  |TAMS 0x0000000081a00000, 0x0000000081a00000| Untracked 
|  27|0x0000000081b00000, 0x0000000081b00000, 0x0000000081c00000|  0%| F|  |TAMS 0x0000000081b00000, 0x0000000081b00000| Untracked 
|  28|0x0000000081c00000, 0x0000000081c00000, 0x0000000081d00000|  0%| F|  |TAMS 0x0000000081c00000, 0x0000000081c00000| Untracked 
|  29|0x0000000081d00000, 0x0000000081d00000, 0x0000000081e00000|  0%| F|  |TAMS 0x0000000081d00000, 0x0000000081d00000| Untracked 
|  30|0x0000000081e00000, 0x0000000081e00000, 0x0000000081f00000|  0%| F|  |TAMS 0x0000000081e00000, 0x0000000081e00000| Untracked 
|  31|0x0000000081f00000, 0x0000000081f4b350, 0x0000000082000000| 29%| S|CS|TAMS 0x0000000081f00000, 0x0000000081f00000| Complete 
|  32|0x0000000082000000, 0x0000000082100000, 0x0000000082100000|100%| S|CS|TAMS 0x0000000082000000, 0x0000000082000000| Complete 
|  33|0x0000000082100000, 0x0000000082200000, 0x0000000082200000|100%| S|CS|TAMS 0x0000000082100000, 0x0000000082100000| Complete 
|  34|0x0000000082200000, 0x0000000082200000, 0x0000000082300000|  0%| F|  |TAMS 0x0000000082200000, 0x0000000082200000| Untracked 
|  35|0x0000000082300000, 0x0000000082300000, 0x0000000082400000|  0%| F|  |TAMS 0x0000000082300000, 0x0000000082300000| Untracked 
|  36|0x0000000082400000, 0x0000000082400000, 0x0000000082500000|  0%| F|  |TAMS 0x0000000082400000, 0x0000000082400000| Untracked 
|  37|0x0000000082500000, 0x0000000082500000, 0x0000000082600000|  0%| F|  |TAMS 0x0000000082500000, 0x0000000082500000| Untracked 
|  38|0x0000000082600000, 0x0000000082600000, 0x0000000082700000|  0%| F|  |TAMS 0x0000000082600000, 0x0000000082600000| Untracked 
|  39|0x0000000082700000, 0x0000000082700000, 0x0000000082800000|  0%| F|  |TAMS 0x0000000082700000, 0x0000000082700000| Untracked 
|  40|0x0000000082800000, 0x0000000082800000, 0x0000000082900000|  0%| F|  |TAMS 0x0000000082800000, 0x0000000082800000| Untracked 
|  41|0x0000000082900000, 0x0000000082900000, 0x0000000082a00000|  0%| F|  |TAMS 0x0000000082900000, 0x0000000082900000| Untracked 
|  42|0x0000000082a00000, 0x0000000082a00000, 0x0000000082b00000|  0%| F|  |TAMS 0x0000000082a00000, 0x0000000082a00000| Untracked 
|  43|0x0000000082b00000, 0x0000000082b00000, 0x0000000082c00000|  0%| F|  |TAMS 0x0000000082b00000, 0x0000000082b00000| Untracked 
|  44|0x0000000082c00000, 0x0000000082c00000, 0x0000000082d00000|  0%| F|  |TAMS 0x0000000082c00000, 0x0000000082c00000| Untracked 
|  45|0x0000000082d00000, 0x0000000082d00000, 0x0000000082e00000|  0%| F|  |TAMS 0x0000000082d00000, 0x0000000082d00000| Untracked 
|  46|0x0000000082e00000, 0x0000000082e00000, 0x0000000082f00000|  0%| F|  |TAMS 0x0000000082e00000, 0x0000000082e00000| Untracked 
|  47|0x0000000082f00000, 0x0000000082f00000, 0x0000000083000000|  0%| F|  |TAMS 0x0000000082f00000, 0x0000000082f00000| Untracked 
|  48|0x0000000083000000, 0x0000000083000000, 0x0000000083100000|  0%| F|  |TAMS 0x0000000083000000, 0x0000000083000000| Untracked 
|  49|0x0000000083100000, 0x0000000083100000, 0x0000000083200000|  0%| F|  |TAMS 0x0000000083100000, 0x0000000083100000| Untracked 
|  50|0x0000000083200000, 0x0000000083200000, 0x0000000083300000|  0%| F|  |TAMS 0x0000000083200000, 0x0000000083200000| Untracked 
|  51|0x0000000083300000, 0x0000000083300000, 0x0000000083400000|  0%| F|  |TAMS 0x0000000083300000, 0x0000000083300000| Untracked 
|  52|0x0000000083400000, 0x0000000083400000, 0x0000000083500000|  0%| F|  |TAMS 0x0000000083400000, 0x0000000083400000| Untracked 
|  53|0x0000000083500000, 0x0000000083500000, 0x0000000083600000|  0%| F|  |TAMS 0x0000000083500000, 0x0000000083500000| Untracked 
|  54|0x0000000083600000, 0x0000000083600000, 0x0000000083700000|  0%| F|  |TAMS 0x0000000083600000, 0x0000000083600000| Untracked 
|  55|0x0000000083700000, 0x0000000083700000, 0x0000000083800000|  0%| F|  |TAMS 0x0000000083700000, 0x0000000083700000| Untracked 
|  56|0x0000000083800000, 0x0000000083800000, 0x0000000083900000|  0%| F|  |TAMS 0x0000000083800000, 0x0000000083800000| Untracked 
|  57|0x0000000083900000, 0x0000000083900000, 0x0000000083a00000|  0%| F|  |TAMS 0x0000000083900000, 0x0000000083900000| Untracked 
|  58|0x0000000083a00000, 0x0000000083a00000, 0x0000000083b00000|  0%| F|  |TAMS 0x0000000083a00000, 0x0000000083a00000| Untracked 
|  59|0x0000000083b00000, 0x0000000083b00000, 0x0000000083c00000|  0%| F|  |TAMS 0x0000000083b00000, 0x0000000083b00000| Untracked 
|  60|0x0000000083c00000, 0x0000000083c00000, 0x0000000083d00000|  0%| F|  |TAMS 0x0000000083c00000, 0x0000000083c00000| Untracked 
|  61|0x0000000083d00000, 0x0000000083d00000, 0x0000000083e00000|  0%| F|  |TAMS 0x0000000083d00000, 0x0000000083d00000| Untracked 
|  62|0x0000000083e00000, 0x0000000083e00000, 0x0000000083f00000|  0%| F|  |TAMS 0x0000000083e00000, 0x0000000083e00000| Untracked 
|  63|0x0000000083f00000, 0x0000000083f00000, 0x0000000084000000|  0%| F|  |TAMS 0x0000000083f00000, 0x0000000083f00000| Untracked 
|  64|0x0000000084000000, 0x0000000084000000, 0x0000000084100000|  0%| F|  |TAMS 0x0000000084000000, 0x0000000084000000| Untracked 
|  65|0x0000000084100000, 0x0000000084100000, 0x0000000084200000|  0%| F|  |TAMS 0x0000000084100000, 0x0000000084100000| Untracked 
|  66|0x0000000084200000, 0x0000000084200000, 0x0000000084300000|  0%| F|  |TAMS 0x0000000084200000, 0x0000000084200000| Untracked 
|  67|0x0000000084300000, 0x0000000084300000, 0x0000000084400000|  0%| F|  |TAMS 0x0000000084300000, 0x0000000084300000| Untracked 
|  68|0x0000000084400000, 0x0000000084400000, 0x0000000084500000|  0%| F|  |TAMS 0x0000000084400000, 0x0000000084400000| Untracked 
|  69|0x0000000084500000, 0x0000000084588f40, 0x0000000084600000| 53%| E|  |TAMS 0x0000000084500000, 0x0000000084500000| Complete 
|  70|0x0000000084600000, 0x0000000084700000, 0x0000000084700000|100%| E|CS|TAMS 0x0000000084600000, 0x0000000084600000| Complete 
|  71|0x0000000084700000, 0x0000000084800000, 0x0000000084800000|100%| E|CS|TAMS 0x0000000084700000, 0x0000000084700000| Complete 
|  72|0x0000000084800000, 0x0000000084900000, 0x0000000084900000|100%| E|CS|TAMS 0x0000000084800000, 0x0000000084800000| Complete 
|  73|0x0000000084900000, 0x0000000084a00000, 0x0000000084a00000|100%| E|CS|TAMS 0x0000000084900000, 0x0000000084900000| Complete 
|  74|0x0000000084a00000, 0x0000000084b00000, 0x0000000084b00000|100%| E|CS|TAMS 0x0000000084a00000, 0x0000000084a00000| Complete 
|  75|0x0000000084b00000, 0x0000000084c00000, 0x0000000084c00000|100%| E|CS|TAMS 0x0000000084b00000, 0x0000000084b00000| Complete 
|  76|0x0000000084c00000, 0x0000000084d00000, 0x0000000084d00000|100%| E|CS|TAMS 0x0000000084c00000, 0x0000000084c00000| Complete 
|  91|0x0000000085b00000, 0x0000000085c00000, 0x0000000085c00000|100%| E|CS|TAMS 0x0000000085b00000, 0x0000000085b00000| Complete 
|  92|0x0000000085c00000, 0x0000000085d00000, 0x0000000085d00000|100%| E|CS|TAMS 0x0000000085c00000, 0x0000000085c00000| Complete 
|  93|0x0000000085d00000, 0x0000000085e00000, 0x0000000085e00000|100%| E|CS|TAMS 0x0000000085d00000, 0x0000000085d00000| Complete 
|  94|0x0000000085e00000, 0x0000000085f00000, 0x0000000085f00000|100%| E|CS|TAMS 0x0000000085e00000, 0x0000000085e00000| Complete 
|  95|0x0000000085f00000, 0x0000000086000000, 0x0000000086000000|100%| E|CS|TAMS 0x0000000085f00000, 0x0000000085f00000| Complete 
|  96|0x0000000086000000, 0x0000000086100000, 0x0000000086100000|100%| E|CS|TAMS 0x0000000086000000, 0x0000000086000000| Complete 
| 125|0x0000000087d00000, 0x0000000087e00000, 0x0000000087e00000|100%| E|CS|TAMS 0x0000000087d00000, 0x0000000087d00000| Complete 

Card table byte_map: [0x0000018a2d870000,0x0000018a2dc70000] _byte_map_base: 0x0000018a2d470000

Marking Bits (Prev, Next): (CMBitMap*) 0x0000018a14035400, (CMBitMap*) 0x0000018a140353c0
 Prev Bits: [0x0000018a30070000, 0x0000018a32070000)
 Next Bits: [0x0000018a2e070000, 0x0000018a30070000)

Polling page: 0x0000018a1d9e0000

Metaspace:

Usage:
  Non-class:     26.88 MB capacity,    26.42 MB ( 98%) used,   424.38 KB (  2%) free+waste,    45.62 KB ( <1%) overhead. 
      Class:      4.47 MB capacity,     4.26 MB ( 95%) used,   200.05 KB (  4%) free+waste,    20.25 KB ( <1%) overhead. 
       Both:     31.35 MB capacity,    30.68 MB ( 98%) used,   624.43 KB (  2%) free+waste,    65.88 KB ( <1%) overhead. 

Virtual space:
  Non-class space:       28.00 MB reserved,      26.92 MB ( 96%) committed 
      Class space:      504.00 MB reserved,       4.50 MB ( <1%) committed 
             Both:      532.00 MB reserved,      31.42 MB (  6%) committed 

Chunk freelists:
   Non-Class:  42.00 KB
       Class:  28.00 KB
        Both:  70.00 KB

MaxMetaspaceSize: 512.00 MB
CompressedClassSpaceSize: 504.00 MB

CodeHeap 'non-profiled nmethods': size=120000Kb used=1525Kb max_used=1525Kb free=118474Kb
 bounds [0x0000018a254d0000, 0x0000018a25740000, 0x0000018a2ca00000]
CodeHeap 'profiled nmethods': size=120000Kb used=6641Kb max_used=6641Kb free=113358Kb
 bounds [0x0000018a1dfa0000, 0x0000018a1e620000, 0x0000018a254d0000]
CodeHeap 'non-nmethods': size=5760Kb used=1262Kb max_used=1329Kb free=4497Kb
 bounds [0x0000018a1da00000, 0x0000018a1dc70000, 0x0000018a1dfa0000]
 total_blobs=3838 nmethods=3296 adapters=454
 compilation: enabled
              stopped_count=0, restarted_count=0
 full_count=0

Compilation events (20 events):
Event: 9.009 Thread 0x0000018a34b14a20 3285       3       groovy.lang.MetaMethod::getMopName (105 bytes)
Event: 9.010 Thread 0x0000018a34b14a20 nmethod 3285 0x0000018a1e605510 code [0x0000018a1e605860, 0x0000018a1e606a48]
Event: 9.012 Thread 0x0000018a34b14a20 3287       3       java.util.zip.ZipFile::getZipEntry (299 bytes)
Event: 9.014 Thread 0x0000018a34b14a20 nmethod 3287 0x0000018a1e606f90 code [0x0000018a1e6073e0, 0x0000018a1e6098b8]
Event: 9.014 Thread 0x0000018a34b14a20 3296       3       java.util.zip.ZipFile$ZipEntryIterator::hasNext (17 bytes)
Event: 9.014 Thread 0x0000018a34b14a20 nmethod 3296 0x0000018a1e60a690 code [0x0000018a1e60a820, 0x0000018a1e60a978]
Event: 9.014 Thread 0x0000018a34b14a20 3292       3       java.util.zip.ZipUtils::CENCRC (9 bytes)
Event: 9.015 Thread 0x0000018a34b14a20 nmethod 3292 0x0000018a1e60aa10 code [0x0000018a1e60abc0, 0x0000018a1e60ae98]
Event: 9.015 Thread 0x0000018a34b14a20 3288       3       java.util.jar.JavaUtilJarAccessImpl::entryFor (6 bytes)
Event: 9.015 Thread 0x0000018a34b14a20 nmethod 3288 0x0000018a1e60b010 code [0x0000018a1e60b1e0, 0x0000018a1e60b608]
Event: 9.015 Thread 0x0000018a34b14a20 3289       3       java.util.jar.JarFile::entryFor (10 bytes)
Event: 9.015 Thread 0x0000018a34b14a20 nmethod 3289 0x0000018a1e60b790 code [0x0000018a1e60b940, 0x0000018a1e60bc68]
Event: 9.015 Thread 0x0000018a34b14a20 3290       3       java.util.jar.JarFile$JarFileEntry::<init> (16 bytes)
Event: 9.015 Thread 0x0000018a34b14a20 nmethod 3290 0x0000018a1e60bd90 code [0x0000018a1e60bf40, 0x0000018a1e60c1a8]
Event: 9.015 Thread 0x0000018a34b14a20 3291       3       java.util.jar.JarEntry::<init> (6 bytes)
Event: 9.015 Thread 0x0000018a34b14a20 nmethod 3291 0x0000018a1e60c290 code [0x0000018a1e60c440, 0x0000018a1e60c568]
Event: 9.015 Thread 0x0000018a34b14a20 3294       3       java.util.zip.ZipFile$Source::getEntryPos (9 bytes)
Event: 9.015 Thread 0x0000018a34b14a20 nmethod 3294 0x0000018a1e60c610 code [0x0000018a1e60c7a0, 0x0000018a1e60c8d8]
Event: 9.015 Thread 0x0000018a34b14a20 3293       1       java.util.jar.JarFile$JarFileEntry::getName (5 bytes)
Event: 9.015 Thread 0x0000018a34b14a20 nmethod 3293 0x0000018a2564bf90 code [0x0000018a2564c120, 0x0000018a2564c1d8]

GC Heap History (10 events):
Event: 1.569 GC heap before
{Heap before GC invocations=0 (full 0):
 garbage-first heap   total 129024K, used 28672K [0x0000000080000000, 0x0000000100000000)
  region size 1024K, 23 young (23552K), 0 survivors (0K)
 Metaspace       used 3319K, capacity 6150K, committed 6400K, reserved 524288K
  class space    used 412K, capacity 706K, committed 768K, reserved 516096K
}
Event: 1.617 GC heap after
{Heap after GC invocations=1 (full 0):
 garbage-first heap   total 129024K, used 9341K [0x0000000080000000, 0x0000000100000000)
  region size 1024K, 3 young (3072K), 3 survivors (3072K)
 Metaspace       used 3319K, capacity 6150K, committed 6400K, reserved 524288K
  class space    used 412K, capacity 706K, committed 768K, reserved 516096K
}
Event: 2.445 GC heap before
{Heap before GC invocations=1 (full 0):
 garbage-first heap   total 129024K, used 34941K [0x0000000080000000, 0x0000000100000000)
  region size 1024K, 28 young (28672K), 3 survivors (3072K)
 Metaspace       used 4241K, capacity 6665K, committed 7040K, reserved 524288K
  class space    used 507K, capacity 771K, committed 896K, reserved 516096K
}
Event: 2.452 GC heap after
{Heap after GC invocations=2 (full 0):
 garbage-first heap   total 129024K, used 10085K [0x0000000080000000, 0x0000000100000000)
  region size 1024K, 1 young (1024K), 1 survivors (1024K)
 Metaspace       used 4241K, capacity 6665K, committed 7040K, reserved 524288K
  class space    used 507K, capacity 771K, committed 896K, reserved 516096K
}
Event: 6.573 GC heap before
{Heap before GC invocations=2 (full 0):
 garbage-first heap   total 129024K, used 85861K [0x0000000080000000, 0x0000000100000000)
  region size 1024K, 75 young (76800K), 1 survivors (1024K)
 Metaspace       used 16351K, capacity 16756K, committed 16896K, reserved 530432K
  class space    used 2307K, capacity 2473K, committed 2560K, reserved 516096K
}
Event: 6.592 GC heap after
{Heap after GC invocations=3 (full 0):
 garbage-first heap   total 129024K, used 18413K [0x0000000080000000, 0x0000000100000000)
  region size 1024K, 9 young (9216K), 9 survivors (9216K)
 Metaspace       used 16351K, capacity 16756K, committed 16896K, reserved 530432K
  class space    used 2307K, capacity 2473K, committed 2560K, reserved 516096K
}
Event: 7.434 GC heap before
{Heap before GC invocations=3 (full 0):
 garbage-first heap   total 129024K, used 47085K [0x0000000080000000, 0x0000000100000000)
  region size 1024K, 38 young (38912K), 9 survivors (9216K)
 Metaspace       used 20662K, capacity 21123K, committed 21296K, reserved 534528K
  class space    used 2949K, capacity 3113K, committed 3200K, reserved 516096K
}
Event: 7.441 GC heap after
{Heap after GC invocations=4 (full 0):
 garbage-first heap   total 129024K, used 23872K [0x0000000080000000, 0x0000000100000000)
  region size 1024K, 6 young (6144K), 6 survivors (6144K)
 Metaspace       used 20662K, capacity 21123K, committed 21296K, reserved 534528K
  class space    used 2949K, capacity 3113K, committed 3200K, reserved 516096K
}
Event: 8.696 GC heap before
{Heap before GC invocations=5 (full 0):
 garbage-first heap   total 86016K, used 68928K [0x0000000080000000, 0x0000000100000000)
  region size 1024K, 50 young (51200K), 6 survivors (6144K)
 Metaspace       used 27129K, capacity 27810K, committed 27824K, reserved 540672K
  class space    used 3899K, capacity 4085K, committed 4096K, reserved 516096K
}
Event: 8.701 GC heap after
{Heap after GC invocations=6 (full 0):
 garbage-first heap   total 86016K, used 23842K [0x0000000080000000, 0x0000000100000000)
  region size 1024K, 3 young (3072K), 3 survivors (3072K)
 Metaspace       used 27129K, capacity 27810K, committed 27824K, reserved 540672K
  class space    used 3899K, capacity 4085K, committed 4096K, reserved 516096K
}

Deoptimization events (20 events):
Event: 8.671 Thread 0x0000018a36e1bad0 Uncommon trap: trap_request=0xffffff45 fr.pc=0x0000018a25620c1c relative=0x0000000000000afc
Event: 8.671 Thread 0x0000018a36e1bad0 Uncommon trap: reason=unstable_if action=reinterpret pc=0x0000018a25620c1c method=java.lang.ClassLoader.getClassLoadingLock(Ljava/lang/String;)Ljava/lang/Object; @ 6 c2
Event: 8.671 Thread 0x0000018a36e1bad0 DEOPT PACKING pc=0x0000018a25620c1c sp=0x00000018d35f8060
Event: 8.671 Thread 0x0000018a36e1bad0 DEOPT UNPACKING pc=0x0000018a1da4e42f sp=0x00000018d35f7fc0 mode 2
Event: 8.673 Thread 0x0000018a36e1bad0 Uncommon trap: trap_request=0xffffff45 fr.pc=0x0000018a255a8f0c relative=0x00000000000000ec
Event: 8.673 Thread 0x0000018a36e1bad0 Uncommon trap: reason=unstable_if action=reinterpret pc=0x0000018a255a8f0c method=java.lang.ClassLoader.getClassLoadingLock(Ljava/lang/String;)Ljava/lang/Object; @ 6 c2
Event: 8.673 Thread 0x0000018a36e1bad0 DEOPT PACKING pc=0x0000018a255a8f0c sp=0x00000018d35f8250
Event: 8.673 Thread 0x0000018a36e1bad0 DEOPT UNPACKING pc=0x0000018a1da4e42f sp=0x00000018d35f81f0 mode 2
Event: 8.673 Thread 0x0000018a36e1bad0 Uncommon trap: trap_request=0xffffff45 fr.pc=0x0000018a255dd8b4 relative=0x0000000000000774
Event: 8.673 Thread 0x0000018a36e1bad0 Uncommon trap: reason=unstable_if action=reinterpret pc=0x0000018a255dd8b4 method=java.lang.Class.getPackageName()Ljava/lang/String; @ 55 c2
Event: 8.673 Thread 0x0000018a36e1bad0 DEOPT PACKING pc=0x0000018a255dd8b4 sp=0x00000018d35f97d0
Event: 8.673 Thread 0x0000018a36e1bad0 DEOPT UNPACKING pc=0x0000018a1da4e42f sp=0x00000018d35f9790 mode 2
Event: 8.834 Thread 0x0000018a36e1bad0 Uncommon trap: trap_request=0xffffff45 fr.pc=0x0000018a25584420 relative=0x0000000000000600
Event: 8.834 Thread 0x0000018a36e1bad0 Uncommon trap: reason=unstable_if action=reinterpret pc=0x0000018a25584420 method=java.util.Properties$LineReader.readLine()I @ 95 c2
Event: 8.834 Thread 0x0000018a36e1bad0 DEOPT PACKING pc=0x0000018a25584420 sp=0x00000018d35f74f0
Event: 8.834 Thread 0x0000018a36e1bad0 DEOPT UNPACKING pc=0x0000018a1da4e42f sp=0x00000018d35f7490 mode 2
Event: 9.011 Thread 0x0000018a36e1bad0 Uncommon trap: trap_request=0xffffff54 fr.pc=0x0000018a25560f1c relative=0x00000000000013fc
Event: 9.011 Thread 0x0000018a36e1bad0 Uncommon trap: reason=speculate_null_assert action=make_not_entrant pc=0x0000018a25560f1c method=jdk.internal.loader.URLClassPath$JarLoader.getResource(Ljava/lang/String;ZLjava/util/Set;)Ljdk/internal/loader/Resource; @ 17 c2
Event: 9.011 Thread 0x0000018a36e1bad0 DEOPT PACKING pc=0x0000018a25560f1c sp=0x00000018d35f6210
Event: 9.011 Thread 0x0000018a36e1bad0 DEOPT UNPACKING pc=0x0000018a1da4e42f sp=0x00000018d35f61b8 mode 2

Classes unloaded (0 events):
No events

Classes redefined (0 events):
No events

Internal exceptions (20 events):
Event: 8.286 Thread 0x0000018a36e1bad0 Exception <a 'java/lang/NoSuchMethodError'{0x00000000836525c0}: 'java.lang.Object java.lang.invoke.DirectMethodHandle$Holder.newInvokeSpecial(java.lang.Object, java.lang.Object, java.lang.Object, java.lang.Object, java.lang.Object, java.lang.Object, java.lang.Object, java.lang.Object, java.lang.Object, java.lang.Object, java.lang.Object)'> (0x00000000836525c0) 
thrown [./open/src/hotspot/share/interpreter/linkResolver.cpp, line 782]
Event: 8.286 Thread 0x0000018a36e1bad0 Exception <a 'java/lang/NoSuchMethodError'{0x00000000836585a8}: 'java.lang.Object java.lang.invoke.DirectMethodHandle$Holder.invokeSpecial(java.lang.Object, java.lang.Object, java.lang.Object, java.lang.Object, java.lang.Object, java.lang.Object, java.lang.Object, java.lang.Object, java.lang.Object, java.lang.Object, java.lang.Object, java.lang.Object)'> (0x00000000836585a8) 
thrown [./open/src/hotspot/share/interpreter/linkResolver.cpp, line 782]
Event: 8.286 Thread 0x0000018a36e1bad0 Exception <a 'java/lang/NoSuchMethodError'{0x000000008365de40}: 'java.lang.Object java.lang.invoke.Invokers$Holder.linkToTargetMethod(java.lang.Object, java.lang.Object, java.lang.Object, java.lang.Object, java.lang.Object, java.lang.Object, java.lang.Object, java.lang.Object, java.lang.Object, java.lang.Object, java.lang.Object)'> (0x000000008365de40) 
thrown [./open/src/hotspot/share/interpreter/linkResolver.cpp, line 782]
Event: 8.290 Thread 0x0000018a36e1bad0 Exception <a 'java/lang/NoSuchMethodError'{0x00000000836ae4a8}: 'java.lang.Object java.lang.invoke.DirectMethodHandle$Holder.invokeSpecial(java.lang.Object, java.lang.Object, java.lang.Object, java.lang.Object, java.lang.Object, java.lang.Object, java.lang.Object, java.lang.Object, java.lang.Object, java.lang.Object, java.lang.Object, java.lang.Object, java.lang.Object, java.lang.Object)'> (0x00000000836ae4a8) 
thrown [./open/src/hotspot/share/interpreter/linkResolver.cpp, line 782]
Event: 8.290 Thread 0x0000018a36e1bad0 Exception <a 'java/lang/NoSuchMethodError'{0x00000000836c3ac0}: 'java.lang.Object java.lang.invoke.DirectMethodHandle$Holder.newInvokeSpecial(java.lang.Object, java.lang.Object, java.lang.Object, java.lang.Object, java.lang.Object, java.lang.Object, java.lang.Object, java.lang.Object, java.lang.Object, java.lang.Object, java.lang.Object, java.lang.Object)'> (0x00000000836c3ac0) 
thrown [./open/src/hotspot/share/interpreter/linkResolver.cpp, line 782]
Event: 8.291 Thread 0x0000018a36e1bad0 Exception <a 'java/lang/NoSuchMethodError'{0x00000000836c9568}: 'java.lang.Object java.lang.invoke.Invokers$Holder.linkToTargetMethod(java.lang.Object, java.lang.Object, java.lang.Object, java.lang.Object, java.lang.Object, java.lang.Object, java.lang.Object, java.lang.Object, java.lang.Object, java.lang.Object, java.lang.Object, java.lang.Object)'> (0x00000000836c9568) 
thrown [./open/src/hotspot/share/interpreter/linkResolver.cpp, line 782]
Event: 8.302 Thread 0x0000018a36e1bad0 Exception <a 'java/lang/NoSuchMethodError'{0x000000008356bd48}: 'java.lang.Object java.lang.invoke.DirectMethodHandle$Holder.invokeStaticInit(java.lang.Object, java.lang.Object, java.lang.Object, java.lang.Object)'> (0x000000008356bd48) 
thrown [./open/src/hotspot/share/interpreter/linkResolver.cpp, line 782]
Event: 8.375 Thread 0x0000018a36e1bad0 Exception <a 'java/lang/NoSuchMethodError'{0x0000000082f4ebd0}: 'java.lang.Object java.lang.invoke.DirectMethodHandle$Holder.newInvokeSpecial(java.lang.Object, java.lang.Object, java.lang.Object, java.lang.Object, java.lang.Object, java.lang.Object, java.lang.Object, java.lang.Object)'> (0x0000000082f4ebd0) 
thrown [./open/src/hotspot/share/interpreter/linkResolver.cpp, line 782]
Event: 8.375 Thread 0x0000018a36e1bad0 Exception <a 'java/lang/NoSuchMethodError'{0x0000000082f54ac0}: 'java.lang.Object java.lang.invoke.Invokers$Holder.linkToTargetMethod(java.lang.Object, java.lang.Object, java.lang.Object, java.lang.Object, java.lang.Object, java.lang.Object, java.lang.Object, java.lang.Object)'> (0x0000000082f54ac0) 
thrown [./open/src/hotspot/share/interpreter/linkResolver.cpp, line 782]
Event: 8.382 Thread 0x0000018a36e1bad0 Exception <a 'java/lang/IncompatibleClassChangeError'{0x0000000082fcd108}: Found class java.lang.Object, but interface was expected> (0x0000000082fcd108) 
thrown [./open/src/hotspot/share/interpreter/linkResolver.cpp, line 848]
Event: 8.590 Thread 0x0000018a36e1bad0 Exception <a 'java/lang/NoSuchMethodError'{0x00000000825c86d0}: 'java.lang.Object java.lang.invoke.DirectMethodHandle$Holder.newInvokeSpecial(java.lang.Object, java.lang.Object, long)'> (0x00000000825c86d0) 
thrown [./open/src/hotspot/share/interpreter/linkResolver.cpp, line 782]
Event: 8.590 Thread 0x0000018a36e1bad0 Exception <a 'java/lang/NoSuchMethodError'{0x00000000825cd188}: 'java.lang.Object java.lang.invoke.Invokers$Holder.linkToTargetMethod(java.lang.Object, long, java.lang.Object)'> (0x00000000825cd188) 
thrown [./open/src/hotspot/share/interpreter/linkResolver.cpp, line 782]
Event: 8.762 Thread 0x0000018a36e1bad0 Exception <a 'java/lang/NoSuchMethodError'{0x0000000085eacde0}: 'void java.lang.invoke.DirectMethodHandle$Holder.invokeStaticInit(java.lang.Object, java.lang.Object, java.lang.Object)'> (0x0000000085eacde0) 
thrown [./open/src/hotspot/share/interpreter/linkResolver.cpp, line 782]
Event: 8.762 Thread 0x0000018a36e1bad0 Exception <a 'java/lang/NoSuchMethodError'{0x0000000085eb4ae0}: 'void java.lang.invoke.DirectMethodHandle$Holder.invokeStaticInit(java.lang.Object, java.lang.Object, java.lang.Object, java.lang.Object)'> (0x0000000085eb4ae0) 
thrown [./open/src/hotspot/share/interpreter/linkResolver.cpp, line 782]
Event: 8.765 Thread 0x0000018a36e1bad0 Exception <a 'java/lang/NoSuchMethodError'{0x0000000085ed87b8}: 'void java.lang.invoke.DirectMethodHandle$Holder.invokeStaticInit(java.lang.Object, java.lang.Object, java.lang.Object, java.lang.Object, java.lang.Object)'> (0x0000000085ed87b8) 
thrown [./open/src/hotspot/share/interpreter/linkResolver.cpp, line 782]
Event: 8.774 Thread 0x0000018a36e1bad0 Exception <a 'java/lang/NoSuchMethodError'{0x0000000085d4d588}: 'int java.lang.invoke.DirectMethodHandle$Holder.invokeStaticInit(java.lang.Object, java.lang.Object, java.lang.Object, java.lang.Object)'> (0x0000000085d4d588) 
thrown [./open/src/hotspot/share/interpreter/linkResolver.cpp, line 782]
Event: 9.013 Thread 0x0000018a36e1bad0 Exception <a 'java/lang/ClassNotFoundException'{0x000000008475b850}: groovy/lang/ExpandoMetaClassBeanInfo> (0x000000008475b850) 
thrown [./open/src/hotspot/share/classfile/systemDictionary.cpp, line 295]
Event: 9.014 Thread 0x0000018a36e1bad0 Exception <a 'java/lang/ClassNotFoundException'{0x0000000084772d80}: groovy/lang/MetaClassImplBeanInfo> (0x0000000084772d80) 
thrown [./open/src/hotspot/share/classfile/systemDictionary.cpp, line 295]
Event: 9.014 Thread 0x0000018a36e1bad0 Exception <a 'java/lang/ClassNotFoundException'{0x0000000084778ac8}: java/lang/ObjectBeanInfo> (0x0000000084778ac8) 
thrown [./open/src/hotspot/share/classfile/systemDictionary.cpp, line 295]
Event: 9.015 Thread 0x0000018a36e1bad0 Exception <a 'java/lang/ClassNotFoundException'{0x000000008477ec08}: java/lang/ObjectCustomizer> (0x000000008477ec08) 
thrown [./open/src/hotspot/share/classfile/systemDictionary.cpp, line 295]

Events (20 events):
Event: 9.010 loading class com/sun/beans/finder/BeanInfoFinder done
Event: 9.010 loading class com/sun/beans/finder/ClassFinder
Event: 9.010 loading class com/sun/beans/finder/ClassFinder done
Event: 9.011 loading class java/util/zip/ZipFile$ZipEntryIterator
Event: 9.012 loading class java/util/zip/ZipFile$ZipEntryIterator done
Event: 9.014 loading class java/lang/ObjectBeanInfo
Event: 9.014 loading class java/lang/ObjectBeanInfo done
Event: 9.014 loading class java/lang/ObjectBeanInfo
Event: 9.014 loading class java/lang/ObjectBeanInfo done
Event: 9.014 loading class java/beans/BeanDescriptor
Event: 9.015 loading class java/beans/BeanDescriptor done
Event: 9.015 loading class java/lang/ObjectCustomizer
Event: 9.015 loading class java/lang/ObjectCustomizer done
Event: 9.015 loading class java/lang/ObjectCustomizer
Event: 9.015 loading class java/lang/ObjectCustomizer done
Event: 9.016 loading class java/beans/JavaBean
Event: 9.016 loading class java/beans/JavaBean done
Event: 9.016 loading class javax/swing/SwingContainer
Event: 9.016 loading class javax/swing/SwingContainer done
Event: 9.016 loading class com/sun/beans/introspect/ClassInfo


Dynamic libraries:
0x00007ff758080000 - 0x00007ff75808f000 	C:\Program Files\Java\jdk-15.0.1\bin\java.exe
0x00007ffce9eb0000 - 0x00007ffcea0a8000 	C:\WINDOWS\SYSTEM32\ntdll.dll
0x00007ffce8f40000 - 0x00007ffce8fff000 	C:\WINDOWS\System32\KERNEL32.DLL
0x00007ffce7640000 - 0x00007ffce7912000 	C:\WINDOWS\System32\KERNELBASE.dll
0x00007ffce7a00000 - 0x00007ffce7b00000 	C:\WINDOWS\System32\ucrtbase.dll
0x00007ffcd8c40000 - 0x00007ffcd8c58000 	C:\Program Files\Java\jdk-15.0.1\bin\jli.dll
0x00007ffce8b90000 - 0x00007ffce8c3e000 	C:\WINDOWS\System32\ADVAPI32.dll
0x00007ffce8c70000 - 0x00007ffce8d0e000 	C:\WINDOWS\System32\msvcrt.dll
0x00007ffce9b60000 - 0x00007ffce9bfc000 	C:\WINDOWS\System32\sechost.dll
0x00007ffce9000000 - 0x00007ffce9125000 	C:\WINDOWS\System32\RPCRT4.dll
0x00007ffce8d90000 - 0x00007ffce8f31000 	C:\WINDOWS\System32\USER32.dll
0x00007ffce7be0000 - 0x00007ffce7c02000 	C:\WINDOWS\System32\win32u.dll
0x00007ffce8c40000 - 0x00007ffce8c6b000 	C:\WINDOWS\System32\GDI32.dll
0x00007ffce7c10000 - 0x00007ffce7d1f000 	C:\WINDOWS\System32\gdi32full.dll
0x00007ffce75a0000 - 0x00007ffce763d000 	C:\WINDOWS\System32\msvcp_win.dll
0x00007ffcd7cf0000 - 0x00007ffcd7d09000 	C:\Program Files\Java\jdk-15.0.1\bin\VCRUNTIME140.dll
0x00007ffce69a0000 - 0x00007ffce6c3a000 	C:\WINDOWS\WinSxS\amd64_microsoft.windows.common-controls_6595b64144ccf1df_6.0.19041.1110_none_60b5254171f9507e\COMCTL32.dll
0x00007ffcdf2f0000 - 0x00007ffcdf2fa000 	C:\WINDOWS\SYSTEM32\VERSION.dll
0x00007ffce7fd0000 - 0x00007ffce8002000 	C:\WINDOWS\System32\IMM32.DLL
0x00007ffce1ed0000 - 0x00007ffce1edc000 	C:\Program Files\Java\jdk-15.0.1\bin\vcruntime140_1.dll
0x00007ffcb9c10000 - 0x00007ffcb9ca1000 	C:\Program Files\Java\jdk-15.0.1\bin\msvcp140.dll
0x00007ffcad190000 - 0x00007ffcadcee000 	C:\Program Files\Java\jdk-15.0.1\bin\server\jvm.dll
0x00007ffce8d80000 - 0x00007ffce8d88000 	C:\WINDOWS\System32\PSAPI.DLL
0x00007ffcded70000 - 0x00007ffcded79000 	C:\WINDOWS\SYSTEM32\WSOCK32.dll
0x00007ffce8d10000 - 0x00007ffce8d7b000 	C:\WINDOWS\System32\WS2_32.dll
0x00007ffcd5240000 - 0x00007ffcd5267000 	C:\WINDOWS\SYSTEM32\WINMM.dll
0x00007ffce4df0000 - 0x00007ffce4e02000 	C:\WINDOWS\SYSTEM32\kernel.appcore.dll
0x00007ffcd92c0000 - 0x00007ffcd92ca000 	C:\Program Files\Java\jdk-15.0.1\bin\jimage.dll
0x00007ffce6f50000 - 0x00007ffce7134000 	C:\WINDOWS\SYSTEM32\DBGHELP.DLL
0x00007ffce6d70000 - 0x00007ffce6da5000 	C:\WINDOWS\SYSTEM32\dbgcore.DLL
0x00007ffce7920000 - 0x00007ffce79a2000 	C:\WINDOWS\System32\bcryptPrimitives.dll
0x00007ffcc25d0000 - 0x00007ffcc25f5000 	C:\Program Files\Java\jdk-15.0.1\bin\java.dll
0x00007ffce9410000 - 0x00007ffce9b54000 	C:\WINDOWS\System32\SHELL32.dll
0x00007ffce4ff0000 - 0x00007ffce5782000 	C:\WINDOWS\SYSTEM32\windows.storage.dll
0x00007ffce8780000 - 0x00007ffce8ad5000 	C:\WINDOWS\System32\combase.dll
0x00007ffce6900000 - 0x00007ffce6930000 	C:\WINDOWS\SYSTEM32\Wldp.dll
0x00007ffce9c00000 - 0x00007ffce9cad000 	C:\WINDOWS\System32\SHCORE.dll
0x00007ffce9e10000 - 0x00007ffce9e65000 	C:\WINDOWS\System32\shlwapi.dll
0x00007ffce74e0000 - 0x00007ffce74ff000 	C:\WINDOWS\SYSTEM32\profapi.dll
0x00007ffcd74e0000 - 0x00007ffcd74f9000 	C:\Program Files\Java\jdk-15.0.1\bin\net.dll
0x00007ffcdfe00000 - 0x00007ffcdff0c000 	C:\WINDOWS\SYSTEM32\WINHTTP.dll
0x00007ffce67d0000 - 0x00007ffce683a000 	C:\WINDOWS\system32\mswsock.dll
0x00007ffcd6730000 - 0x00007ffcd6742000 	C:\Program Files\Java\jdk-15.0.1\bin\nio.dll
0x00007ffccbaa0000 - 0x00007ffccbab8000 	C:\Program Files\Java\jdk-15.0.1\bin\zip.dll
0x00007ffcd5a70000 - 0x00007ffcd5a80000 	C:\Program Files\Java\jdk-15.0.1\bin\verify.dll
0x00007ffcbeaa0000 - 0x00007ffcbeac7000 	C:\Users\ACER\.gradle\native\e1d6ef7f7dcc3fd88c89a11ec53ec762bb8ba0a96d01ffa2cd45eb1d1d8dd5c5\windows-amd64\native-platform.dll
0x00007ffcbc540000 - 0x00007ffcbc684000 	C:\Users\ACER\.gradle\native\0d407fdbe67a94daf76414ababcb853783967236a71b16ec16e742cd7a986fd3\windows-amd64\native-platform-file-events.dll
0x00007ffcd74b0000 - 0x00007ffcd74b9000 	C:\Program Files\Java\jdk-15.0.1\bin\management.dll
0x00007ffcd65d0000 - 0x00007ffcd65db000 	C:\Program Files\Java\jdk-15.0.1\bin\management_ext.dll
0x00007ffce7330000 - 0x00007ffce7348000 	C:\WINDOWS\SYSTEM32\CRYPTSP.dll
0x00007ffce5fe0000 - 0x00007ffce6014000 	C:\WINDOWS\system32\rsaenh.dll
0x00007ffce7b00000 - 0x00007ffce7b27000 	C:\WINDOWS\System32\bcrypt.dll
0x00007ffce74a0000 - 0x00007ffce74ce000 	C:\WINDOWS\SYSTEM32\USERENV.dll
0x00007ffce68c0000 - 0x00007ffce68cc000 	C:\WINDOWS\SYSTEM32\CRYPTBASE.dll
0x00007ffce6350000 - 0x00007ffce638b000 	C:\WINDOWS\SYSTEM32\IPHLPAPI.DLL
0x00007ffce85c0000 - 0x00007ffce85c8000 	C:\WINDOWS\System32\NSI.dll
0x00007ffcdf3c0000 - 0x00007ffcdf3d7000 	C:\WINDOWS\SYSTEM32\dhcpcsvc6.DLL
0x00007ffcdf340000 - 0x00007ffcdf35d000 	C:\WINDOWS\SYSTEM32\dhcpcsvc.DLL
0x00007ffce6390000 - 0x00007ffce645a000 	C:\WINDOWS\SYSTEM32\DNSAPI.dll

dbghelp: loaded successfully - version: 4.0.5 - missing functions: none
symbol engine: initialized successfully - sym options: 0x614 - pdb path: .;C:\Program Files\Java\jdk-15.0.1\bin;C:\WINDOWS\SYSTEM32;C:\WINDOWS\WinSxS\amd64_microsoft.windows.common-controls_6595b64144ccf1df_6.0.19041.1110_none_60b5254171f9507e;C:\Program Files\Java\jdk-15.0.1\bin\server;C:\Users\ACER\.gradle\native\e1d6ef7f7dcc3fd88c89a11ec53ec762bb8ba0a96d01ffa2cd45eb1d1d8dd5c5\windows-amd64;C:\Users\ACER\.gradle\native\0d407fdbe67a94daf76414ababcb853783967236a71b16ec16e742cd7a986fd3\windows-amd64

VM Arguments:
jvm_args: -XX:MaxMetaspaceSize=512m --add-opens=java.base/java.util=ALL-UNNAMED --add-opens=java.base/java.lang=ALL-UNNAMED --add-opens=java.base/java.lang.invoke=ALL-UNNAMED --add-opens=java.base/java.util=ALL-UNNAMED --add-opens=java.prefs/java.util.prefs=ALL-UNNAMED --add-opens=java.prefs/java.util.prefs=ALL-UNNAMED --add-opens=java.base/java.nio.charset=ALL-UNNAMED --add-opens=java.base/java.net=ALL-UNNAMED --add-opens=java.base/java.util.concurrent.atomic=ALL-UNNAMED -Xmx2048m -Dfile.encoding=utf8 -Duser.country=US -Duser.language=en -Duser.variant 
java_command: org.gradle.launcher.daemon.bootstrap.GradleDaemon 7.5.1
java_class_path (initial): C:\Users\ACER\.gradle\wrapper\dists\gradle-7.5.1-all\1ehga6e77gqps5uk2kc5kf1vc\gradle-7.5.1\lib\gradle-launcher-7.5.1.jar
Launcher Type: SUN_STANDARD

[Global flags]
     intx CICompilerCount                          = 4                                         {product} {ergonomic}
   size_t CompressedClassSpaceSize                 = 528482304                                 {product} {ergonomic}
     uint ConcGCThreads                            = 2                                         {product} {ergonomic}
     uint G1ConcRefinementThreads                  = 8                                         {product} {ergonomic}
   size_t G1HeapRegionSize                         = 1048576                                   {product} {ergonomic}
    uintx GCDrainStackTargetSize                   = 64                                        {product} {ergonomic}
   size_t InitialHeapSize                          = 132120576                                 {product} {ergonomic}
   size_t MarkStackSize                            = 4194304                                   {product} {ergonomic}
   size_t MaxHeapSize                              = 2147483648                                {product} {command line}
   size_t MaxMetaspaceSize                         = 536870912                                 {product} {command line}
   size_t MaxNewSize                               = 1287651328                                {product} {ergonomic}
   size_t MinHeapDeltaBytes                        = 1048576                                   {product} {ergonomic}
   size_t MinHeapSize                              = 8388608                                   {product} {ergonomic}
    uintx NonNMethodCodeHeapSize                   = 5839372                                {pd product} {ergonomic}
    uintx NonProfiledCodeHeapSize                  = 122909434                              {pd product} {ergonomic}
    uintx ProfiledCodeHeapSize                     = 122909434                              {pd product} {ergonomic}
    uintx ReservedCodeCacheSize                    = 251658240                              {pd product} {ergonomic}
     bool SegmentedCodeCache                       = true                                      {product} {ergonomic}
   size_t SoftMaxHeapSize                          = 2147483648                             {manageable} {ergonomic}
     bool UseCompressedClassPointers               = true                                 {lp64_product} {ergonomic}
     bool UseCompressedOops                        = true                                 {lp64_product} {ergonomic}
     bool UseG1GC                                  = true                                      {product} {ergonomic}
     bool UseLargePagesIndividualAllocation        = false                                  {pd product} {ergonomic}

Logging:
Log output configuration:
 #0: stdout all=warning uptime,level,tags
 #1: stderr all=off uptime,level,tags

Environment Variables:
JAVA_HOME=C:\Program Files\Java\jdk-15.0.1
PATH=C:\Python39\Scripts\;C:\Python39\;C:\Windows\system32;C:\Windows;C:\Windows\System32\Wbem;C:\Windows\System32\WindowsPowerShell\v1.0\;C:\Windows\System32\OpenSSH\;C:\Program Files (x86)\NVIDIA Corporation\PhysX\Common;C:\Program Files\NVIDIA Corporation\NVIDIA NvDLISR;C:\WINDOWS\system32;C:\WINDOWS;C:\WINDOWS\System32\Wbem;C:\WINDOWS\System32\WindowsPowerShell\v1.0\;C:\WINDOWS\System32\OpenSSH\;C:\Program Files\nodejs;C:\ProgramData\chocolatey\bin;C:\Program Files\sdk\platforms;C:\Program Files\Java\jdk-15.0.1\bin;D:\Git\cmd;C:\Program Files\nodejs\;C:\Users\ACER\AppData\Local\Microsoft\WindowsApps;C:\Users\ACER\AppData\Local\Android\Sdk\platform-tools;C:\Users\ACER\AppData\Local\Programs\Microsoft VS Code\bin;C:\Users\ACER\AppData\Roaming\npm
USERNAME=ACER
OS=Windows_NT
PROCESSOR_IDENTIFIER=Intel64 Family 6 Model 158 Stepping 13, GenuineIntel



---------------  S Y S T E M  ---------------

OS:
 Windows 10 , 64 bit Build 19041 (10.0.19041.2364)
OS uptime: 2 days 10:38 hours

CPU: total 8 (initial active 8) (4 cores per cpu, 2 threads per core) family 6 model 158 stepping 13 microcode 0xb8, cmov, cx8, fxsr, mmx, sse, sse2, sse3, ssse3, sse4.1, sse4.2, popcnt, vzeroupper, avx, avx2, aes, clmul, erms, 3dnowpref, lzcnt, ht, tsc, tscinvbit, bmi1, bmi2, adx, fma, clflush, clflushopt

Memory: 4k page, system-wide physical 8034M (68M free)
TotalPageFile size 20322M (AvailPageFile size 7M)
current process WorkingSet (physical memory assigned to process): 205M, peak: 212M
current process commit charge ("private bytes"): 261M, peak: 290M

vm_info: Java HotSpot(TM) 64-Bit Server VM (15.0.1+9-18) for windows-amd64 JRE (15.0.1+9-18), built on Sep 15 2020 14:43:54 by "mach5one" with unknown MS VC++:1925

END.
